2025-02-04 18:40:31 [ERROR]: /home/sam/Documents/BackendTest/src/middlewares/validationRequest.middleware.js:8
    logger.error({errors: errors.()});
                                 ^

SyntaxError: Unexpected token '('
    at internalCompileFunction (node:internal/vm:128:18)
    at wrapSafe (node:internal/modules/cjs/loader:1280:20)
    at Module._compile (node:internal/modules/cjs/loader:1332:27)
    at Module._extensions..js (node:internal/modules/cjs/loader:1427:10)
    at Module.load (node:internal/modules/cjs/loader:1206:32)
    at Module._load (node:internal/modules/cjs/loader:1022:12)
    at Module.require (node:internal/modules/cjs/loader:1231:19)
    at require (node:internal/modules/helpers:179:18)
    at Object.<anonymous> (/home/sam/Documents/BackendTest/src/routes/v1/merchant.routes.js:6:5)
    at Module._compile (node:internal/modules/cjs/loader:1369:14)
2025-02-04 18:41:36 [ERROR]: /home/sam/Documents/BackendTest/src/middlewares/validationRequest.middleware.js:7
    console.log(errors:errors.array());
                ^^^^^^

SyntaxError: missing ) after argument list
    at internalCompileFunction (node:internal/vm:128:18)
    at wrapSafe (node:internal/modules/cjs/loader:1280:20)
    at Module._compile (node:internal/modules/cjs/loader:1332:27)
    at Module._extensions..js (node:internal/modules/cjs/loader:1427:10)
    at Module.load (node:internal/modules/cjs/loader:1206:32)
    at Module._load (node:internal/modules/cjs/loader:1022:12)
    at Module.require (node:internal/modules/cjs/loader:1231:19)
    at require (node:internal/modules/helpers:179:18)
    at Object.<anonymous> (/home/sam/Documents/BackendTest/src/routes/v1/merchant.routes.js:6:5)
    at Module._compile (node:internal/modules/cjs/loader:1369:14)
2025-02-04 18:41:41 [ERROR]: /home/sam/Documents/BackendTest/src/middlewares/validationRequest.middleware.js:7
    console.log(errors:errors.array()});
                ^^^^^^

SyntaxError: missing ) after argument list
    at internalCompileFunction (node:internal/vm:128:18)
    at wrapSafe (node:internal/modules/cjs/loader:1280:20)
    at Module._compile (node:internal/modules/cjs/loader:1332:27)
    at Module._extensions..js (node:internal/modules/cjs/loader:1427:10)
    at Module.load (node:internal/modules/cjs/loader:1206:32)
    at Module._load (node:internal/modules/cjs/loader:1022:12)
    at Module.require (node:internal/modules/cjs/loader:1231:19)
    at require (node:internal/modules/helpers:179:18)
    at Object.<anonymous> (/home/sam/Documents/BackendTest/src/routes/v1/merchant.routes.js:6:5)
    at Module._compile (node:internal/modules/cjs/loader:1369:14)
2025-02-04 18:42:54 [ERROR]: /home/sam/Documents/BackendTest/src/middlewares/validationRequest.middleware.js:8
    logger.error({errors: errors.});
                                 ^

SyntaxError: Unexpected token '}'
    at internalCompileFunction (node:internal/vm:128:18)
    at wrapSafe (node:internal/modules/cjs/loader:1280:20)
    at Module._compile (node:internal/modules/cjs/loader:1332:27)
    at Module._extensions..js (node:internal/modules/cjs/loader:1427:10)
    at Module.load (node:internal/modules/cjs/loader:1206:32)
    at Module._load (node:internal/modules/cjs/loader:1022:12)
    at Module.require (node:internal/modules/cjs/loader:1231:19)
    at require (node:internal/modules/helpers:179:18)
    at Object.<anonymous> (/home/sam/Documents/BackendTest/src/routes/v1/merchant.routes.js:6:5)
    at Module._compile (node:internal/modules/cjs/loader:1369:14)
2025-02-04 18:42:59 [ERROR]: /home/sam/Documents/BackendTest/src/middlewares/validationRequest.middleware.js:8
    logger.error({errors: errors.});
                                 ^

SyntaxError: Unexpected token '}'
    at internalCompileFunction (node:internal/vm:128:18)
    at wrapSafe (node:internal/modules/cjs/loader:1280:20)
    at Module._compile (node:internal/modules/cjs/loader:1332:27)
    at Module._extensions..js (node:internal/modules/cjs/loader:1427:10)
    at Module.load (node:internal/modules/cjs/loader:1206:32)
    at Module._load (node:internal/modules/cjs/loader:1022:12)
    at Module.require (node:internal/modules/cjs/loader:1231:19)
    at require (node:internal/modules/helpers:179:18)
    at Object.<anonymous> (/home/sam/Documents/BackendTest/src/routes/v1/merchant.routes.js:6:5)
    at Module._compile (node:internal/modules/cjs/loader:1369:14)
2025-02-04 18:43:25 [ERROR]: /home/sam/Documents/BackendTest/src/middlewares/validationRequest.middleware.js:8
    logger.error({errors: errors.});
                                 ^

SyntaxError: Unexpected token '}'
    at internalCompileFunction (node:internal/vm:128:18)
    at wrapSafe (node:internal/modules/cjs/loader:1280:20)
    at Module._compile (node:internal/modules/cjs/loader:1332:27)
    at Module._extensions..js (node:internal/modules/cjs/loader:1427:10)
    at Module.load (node:internal/modules/cjs/loader:1206:32)
    at Module._load (node:internal/modules/cjs/loader:1022:12)
    at Module.require (node:internal/modules/cjs/loader:1231:19)
    at require (node:internal/modules/helpers:179:18)
    at Object.<anonymous> (/home/sam/Documents/BackendTest/src/routes/v1/merchant.routes.js:6:5)
    at Module._compile (node:internal/modules/cjs/loader:1369:14)
2025-02-04 18:45:40 [ERROR]: /home/sam/Documents/BackendTest/src/middlewares/validationRequest.middleware.js:8
    logger.error({errors: errors.});
                                 ^

SyntaxError: Unexpected token '}'
    at internalCompileFunction (node:internal/vm:128:18)
    at wrapSafe (node:internal/modules/cjs/loader:1280:20)
    at Module._compile (node:internal/modules/cjs/loader:1332:27)
    at Module._extensions..js (node:internal/modules/cjs/loader:1427:10)
    at Module.load (node:internal/modules/cjs/loader:1206:32)
    at Module._load (node:internal/modules/cjs/loader:1022:12)
    at Module.require (node:internal/modules/cjs/loader:1231:19)
    at require (node:internal/modules/helpers:179:18)
    at Object.<anonymous> (/home/sam/Documents/BackendTest/src/routes/v1/merchant.routes.js:6:5)
    at Module._compile (node:internal/modules/cjs/loader:1369:14)
2025-02-04 18:55:24 [ERROR]: /home/sam/Documents/BackendTest/src/middlewares/validationRequest.middleware.js:7
    const error
          ^^^^^

SyntaxError: Missing initializer in const declaration
    at internalCompileFunction (node:internal/vm:128:18)
    at wrapSafe (node:internal/modules/cjs/loader:1280:20)
    at Module._compile (node:internal/modules/cjs/loader:1332:27)
    at Module._extensions..js (node:internal/modules/cjs/loader:1427:10)
    at Module.load (node:internal/modules/cjs/loader:1206:32)
    at Module._load (node:internal/modules/cjs/loader:1022:12)
    at Module.require (node:internal/modules/cjs/loader:1231:19)
    at require (node:internal/modules/helpers:179:18)
    at Object.<anonymous> (/home/sam/Documents/BackendTest/src/routes/v1/merchant.routes.js:6:5)
    at Module._compile (node:internal/modules/cjs/loader:1369:14)
2025-02-04 18:55:30 [ERROR]: /home/sam/Documents/BackendTest/src/middlewares/validationRequest.middleware.js:7
    const errorOBJ
          ^^^^^^^^

SyntaxError: Missing initializer in const declaration
    at internalCompileFunction (node:internal/vm:128:18)
    at wrapSafe (node:internal/modules/cjs/loader:1280:20)
    at Module._compile (node:internal/modules/cjs/loader:1332:27)
    at Module._extensions..js (node:internal/modules/cjs/loader:1427:10)
    at Module.load (node:internal/modules/cjs/loader:1206:32)
    at Module._load (node:internal/modules/cjs/loader:1022:12)
    at Module.require (node:internal/modules/cjs/loader:1231:19)
    at require (node:internal/modules/helpers:179:18)
    at Object.<anonymous> (/home/sam/Documents/BackendTest/src/routes/v1/merchant.routes.js:6:5)
    at Module._compile (node:internal/modules/cjs/loader:1369:14)
{"date":"Tue Feb 04 2025 19:22:54 GMT+0000 (Greenwich Mean Time)","error":{},"exception":true,"level":"error","message":"uncaughtException: Unexpected end of input\n/home/sam/Documents/BackendTest/src/services/earning.service.js:34\n\n\n\nSyntaxError: Unexpected end of input\n    at internalCompileFunction (node:internal/vm:128:18)\n    at wrapSafe (node:internal/modules/cjs/loader:1280:20)\n    at Module._compile (node:internal/modules/cjs/loader:1332:27)\n    at Module._extensions..js (node:internal/modules/cjs/loader:1427:10)\n    at Module.load (node:internal/modules/cjs/loader:1206:32)\n    at Module._load (node:internal/modules/cjs/loader:1022:12)\n    at Module.require (node:internal/modules/cjs/loader:1231:19)\n    at require (node:internal/modules/helpers:179:18)\n    at Object.<anonymous> (/home/sam/Documents/BackendTest/src/controllers/earning.controller.js:1:35)\n    at Module._compile (node:internal/modules/cjs/loader:1369:14)","os":{"loadavg":[3.09,3.72,4.16],"uptime":261959.53},"process":{"argv":["/home/sam/.nvm/versions/node/v20.12.1/bin/node","/home/sam/Documents/BackendTest/server.js"],"cwd":"/home/sam/Documents/BackendTest","execPath":"/home/sam/.nvm/versions/node/v20.12.1/bin/node","gid":1000,"memoryUsage":{"arrayBuffers":17200,"external":3194750,"heapTotal":33189888,"heapUsed":20042704,"rss":75169792},"pid":3005142,"uid":1000,"version":"v20.12.1"},"stack":"/home/sam/Documents/BackendTest/src/services/earning.service.js:34\n\n\n\nSyntaxError: Unexpected end of input\n    at internalCompileFunction (node:internal/vm:128:18)\n    at wrapSafe (node:internal/modules/cjs/loader:1280:20)\n    at Module._compile (node:internal/modules/cjs/loader:1332:27)\n    at Module._extensions..js (node:internal/modules/cjs/loader:1427:10)\n    at Module.load (node:internal/modules/cjs/loader:1206:32)\n    at Module._load (node:internal/modules/cjs/loader:1022:12)\n    at Module.require (node:internal/modules/cjs/loader:1231:19)\n    at require (node:internal/modules/helpers:179:18)\n    at Object.<anonymous> (/home/sam/Documents/BackendTest/src/controllers/earning.controller.js:1:35)\n    at Module._compile (node:internal/modules/cjs/loader:1369:14)","timestamp":"2025-02-04 19:22:54","trace":[{"column":18,"file":"node:internal/vm","function":"internalCompileFunction","line":128,"method":null,"native":false},{"column":20,"file":"node:internal/modules/cjs/loader","function":"wrapSafe","line":1280,"method":null,"native":false},{"column":27,"file":"node:internal/modules/cjs/loader","function":"Module._compile","line":1332,"method":"_compile","native":false},{"column":10,"file":"node:internal/modules/cjs/loader","function":"Module._extensions..js","line":1427,"method":".js","native":false},{"column":32,"file":"node:internal/modules/cjs/loader","function":"Module.load","line":1206,"method":"load","native":false},{"column":12,"file":"node:internal/modules/cjs/loader","function":"Module._load","line":1022,"method":"_load","native":false},{"column":19,"file":"node:internal/modules/cjs/loader","function":"Module.require","line":1231,"method":"require","native":false},{"column":18,"file":"node:internal/modules/helpers","function":"require","line":179,"method":null,"native":false},{"column":35,"file":"/home/sam/Documents/BackendTest/src/controllers/earning.controller.js","function":null,"line":1,"method":null,"native":false},{"column":14,"file":"node:internal/modules/cjs/loader","function":"Module._compile","line":1369,"method":"_compile","native":false}]}
{"date":"Tue Feb 04 2025 19:51:53 GMT+0000 (Greenwich Mean Time)","error":{},"exception":true,"level":"error","message":"uncaughtException: Invalid or unexpected token\n/home/sam/Documents/BackendTest/src/services/order.service.js:6\n  const { merchant_id, total_amount,058a4eae-1ce8-4024-b8e2-db496de52bb2 } = orderData;\n                                    ^^^\n\nSyntaxError: Invalid or unexpected token\n    at internalCompileFunction (node:internal/vm:128:18)\n    at wrapSafe (node:internal/modules/cjs/loader:1280:20)\n    at Module._compile (node:internal/modules/cjs/loader:1332:27)\n    at Module._extensions..js (node:internal/modules/cjs/loader:1427:10)\n    at Module.load (node:internal/modules/cjs/loader:1206:32)\n    at Module._load (node:internal/modules/cjs/loader:1022:12)\n    at Module.require (node:internal/modules/cjs/loader:1231:19)\n    at require (node:internal/modules/helpers:179:18)\n    at Object.<anonymous> (/home/sam/Documents/BackendTest/src/controllers/order.controller.js:1:25)\n    at Module._compile (node:internal/modules/cjs/loader:1369:14)","os":{"loadavg":[3.04,2.92,3.05],"uptime":263698.15},"process":{"argv":["/home/sam/.nvm/versions/node/v20.12.1/bin/node","/home/sam/Documents/BackendTest/server.js"],"cwd":"/home/sam/Documents/BackendTest","execPath":"/home/sam/.nvm/versions/node/v20.12.1/bin/node","gid":1000,"memoryUsage":{"arrayBuffers":17200,"external":3194750,"heapTotal":33189888,"heapUsed":19976784,"rss":75243520},"pid":3118841,"uid":1000,"version":"v20.12.1"},"stack":"/home/sam/Documents/BackendTest/src/services/order.service.js:6\n  const { merchant_id, total_amount,058a4eae-1ce8-4024-b8e2-db496de52bb2 } = orderData;\n                                    ^^^\n\nSyntaxError: Invalid or unexpected token\n    at internalCompileFunction (node:internal/vm:128:18)\n    at wrapSafe (node:internal/modules/cjs/loader:1280:20)\n    at Module._compile (node:internal/modules/cjs/loader:1332:27)\n    at Module._extensions..js (node:internal/modules/cjs/loader:1427:10)\n    at Module.load (node:internal/modules/cjs/loader:1206:32)\n    at Module._load (node:internal/modules/cjs/loader:1022:12)\n    at Module.require (node:internal/modules/cjs/loader:1231:19)\n    at require (node:internal/modules/helpers:179:18)\n    at Object.<anonymous> (/home/sam/Documents/BackendTest/src/controllers/order.controller.js:1:25)\n    at Module._compile (node:internal/modules/cjs/loader:1369:14)","timestamp":"2025-02-04 19:51:53","trace":[{"column":18,"file":"node:internal/vm","function":"internalCompileFunction","line":128,"method":null,"native":false},{"column":20,"file":"node:internal/modules/cjs/loader","function":"wrapSafe","line":1280,"method":null,"native":false},{"column":27,"file":"node:internal/modules/cjs/loader","function":"Module._compile","line":1332,"method":"_compile","native":false},{"column":10,"file":"node:internal/modules/cjs/loader","function":"Module._extensions..js","line":1427,"method":".js","native":false},{"column":32,"file":"node:internal/modules/cjs/loader","function":"Module.load","line":1206,"method":"load","native":false},{"column":12,"file":"node:internal/modules/cjs/loader","function":"Module._load","line":1022,"method":"_load","native":false},{"column":19,"file":"node:internal/modules/cjs/loader","function":"Module.require","line":1231,"method":"require","native":false},{"column":18,"file":"node:internal/modules/helpers","function":"require","line":179,"method":null,"native":false},{"column":25,"file":"/home/sam/Documents/BackendTest/src/controllers/order.controller.js","function":null,"line":1,"method":null,"native":false},{"column":14,"file":"node:internal/modules/cjs/loader","function":"Module._compile","line":1369,"method":"_compile","native":false}]}
{"date":"Tue Feb 04 2025 19:52:07 GMT+0000 (Greenwich Mean Time)","error":{},"exception":true,"level":"error","message":"uncaughtException: Unexpected identifier 'total_amount'\n/home/sam/Documents/BackendTest/src/services/order.service.js:24\n        total_amount,\n        ^^^^^^^^^^^^\n\nSyntaxError: Unexpected identifier 'total_amount'\n    at internalCompileFunction (node:internal/vm:128:18)\n    at wrapSafe (node:internal/modules/cjs/loader:1280:20)\n    at Module._compile (node:internal/modules/cjs/loader:1332:27)\n    at Module._extensions..js (node:internal/modules/cjs/loader:1427:10)\n    at Module.load (node:internal/modules/cjs/loader:1206:32)\n    at Module._load (node:internal/modules/cjs/loader:1022:12)\n    at Module.require (node:internal/modules/cjs/loader:1231:19)\n    at require (node:internal/modules/helpers:179:18)\n    at Object.<anonymous> (/home/sam/Documents/BackendTest/src/controllers/order.controller.js:1:25)\n    at Module._compile (node:internal/modules/cjs/loader:1369:14)","os":{"loadavg":[3.24,2.97,3.07],"uptime":263712.21},"process":{"argv":["/home/sam/.nvm/versions/node/v20.12.1/bin/node","/home/sam/Documents/BackendTest/server.js"],"cwd":"/home/sam/Documents/BackendTest","execPath":"/home/sam/.nvm/versions/node/v20.12.1/bin/node","gid":1000,"memoryUsage":{"arrayBuffers":17200,"external":3194750,"heapTotal":33189888,"heapUsed":20168744,"rss":74391552},"pid":3119917,"uid":1000,"version":"v20.12.1"},"stack":"/home/sam/Documents/BackendTest/src/services/order.service.js:24\n        total_amount,\n        ^^^^^^^^^^^^\n\nSyntaxError: Unexpected identifier 'total_amount'\n    at internalCompileFunction (node:internal/vm:128:18)\n    at wrapSafe (node:internal/modules/cjs/loader:1280:20)\n    at Module._compile (node:internal/modules/cjs/loader:1332:27)\n    at Module._extensions..js (node:internal/modules/cjs/loader:1427:10)\n    at Module.load (node:internal/modules/cjs/loader:1206:32)\n    at Module._load (node:internal/modules/cjs/loader:1022:12)\n    at Module.require (node:internal/modules/cjs/loader:1231:19)\n    at require (node:internal/modules/helpers:179:18)\n    at Object.<anonymous> (/home/sam/Documents/BackendTest/src/controllers/order.controller.js:1:25)\n    at Module._compile (node:internal/modules/cjs/loader:1369:14)","timestamp":"2025-02-04 19:52:07","trace":[{"column":18,"file":"node:internal/vm","function":"internalCompileFunction","line":128,"method":null,"native":false},{"column":20,"file":"node:internal/modules/cjs/loader","function":"wrapSafe","line":1280,"method":null,"native":false},{"column":27,"file":"node:internal/modules/cjs/loader","function":"Module._compile","line":1332,"method":"_compile","native":false},{"column":10,"file":"node:internal/modules/cjs/loader","function":"Module._extensions..js","line":1427,"method":".js","native":false},{"column":32,"file":"node:internal/modules/cjs/loader","function":"Module.load","line":1206,"method":"load","native":false},{"column":12,"file":"node:internal/modules/cjs/loader","function":"Module._load","line":1022,"method":"_load","native":false},{"column":19,"file":"node:internal/modules/cjs/loader","function":"Module.require","line":1231,"method":"require","native":false},{"column":18,"file":"node:internal/modules/helpers","function":"require","line":179,"method":null,"native":false},{"column":25,"file":"/home/sam/Documents/BackendTest/src/controllers/order.controller.js","function":null,"line":1,"method":null,"native":false},{"column":14,"file":"node:internal/modules/cjs/loader","function":"Module._compile","line":1369,"method":"_compile","native":false}]}
{"date":"Tue Feb 04 2025 20:18:13 GMT+0000 (Greenwich Mean Time)","error":{},"exception":true,"level":"error","message":"uncaughtException: Cannot set properties of undefined (setting 'exports')\nTypeError: Cannot set properties of undefined (setting 'exports')\n    at Object.<anonymous> (/home/sam/Documents/BackendTest/src/routes/v1/merchant.routes.js:17:16)\n    at Module._compile (node:internal/modules/cjs/loader:1369:14)\n    at Module._extensions..js (node:internal/modules/cjs/loader:1427:10)\n    at Module.load (node:internal/modules/cjs/loader:1206:32)\n    at Module._load (node:internal/modules/cjs/loader:1022:12)\n    at Module.require (node:internal/modules/cjs/loader:1231:19)\n    at require (node:internal/modules/helpers:179:18)\n    at Object.<anonymous> (/home/sam/Documents/BackendTest/src/routes/v1/v1.routes.js:2:24)\n    at Module._compile (node:internal/modules/cjs/loader:1369:14)\n    at Module._extensions..js (node:internal/modules/cjs/loader:1427:10)","os":{"loadavg":[2.73,2.75,2.69],"uptime":265278},"process":{"argv":["/home/sam/.nvm/versions/node/v20.12.1/bin/node","/home/sam/Documents/BackendTest/server.js"],"cwd":"/home/sam/Documents/BackendTest","execPath":"/home/sam/.nvm/versions/node/v20.12.1/bin/node","gid":1000,"memoryUsage":{"arrayBuffers":17200,"external":3194750,"heapTotal":32927744,"heapUsed":20037576,"rss":74821632},"pid":3219257,"uid":1000,"version":"v20.12.1"},"stack":"TypeError: Cannot set properties of undefined (setting 'exports')\n    at Object.<anonymous> (/home/sam/Documents/BackendTest/src/routes/v1/merchant.routes.js:17:16)\n    at Module._compile (node:internal/modules/cjs/loader:1369:14)\n    at Module._extensions..js (node:internal/modules/cjs/loader:1427:10)\n    at Module.load (node:internal/modules/cjs/loader:1206:32)\n    at Module._load (node:internal/modules/cjs/loader:1022:12)\n    at Module.require (node:internal/modules/cjs/loader:1231:19)\n    at require (node:internal/modules/helpers:179:18)\n    at Object.<anonymous> (/home/sam/Documents/BackendTest/src/routes/v1/v1.routes.js:2:24)\n    at Module._compile (node:internal/modules/cjs/loader:1369:14)\n    at Module._extensions..js (node:internal/modules/cjs/loader:1427:10)","timestamp":"2025-02-04 20:18:13","trace":[{"column":16,"file":"/home/sam/Documents/BackendTest/src/routes/v1/merchant.routes.js","function":null,"line":17,"method":null,"native":false},{"column":14,"file":"node:internal/modules/cjs/loader","function":"Module._compile","line":1369,"method":"_compile","native":false},{"column":10,"file":"node:internal/modules/cjs/loader","function":"Module._extensions..js","line":1427,"method":".js","native":false},{"column":32,"file":"node:internal/modules/cjs/loader","function":"Module.load","line":1206,"method":"load","native":false},{"column":12,"file":"node:internal/modules/cjs/loader","function":"Module._load","line":1022,"method":"_load","native":false},{"column":19,"file":"node:internal/modules/cjs/loader","function":"Module.require","line":1231,"method":"require","native":false},{"column":18,"file":"node:internal/modules/helpers","function":"require","line":179,"method":null,"native":false},{"column":24,"file":"/home/sam/Documents/BackendTest/src/routes/v1/v1.routes.js","function":null,"line":2,"method":null,"native":false},{"column":14,"file":"node:internal/modules/cjs/loader","function":"Module._compile","line":1369,"method":"_compile","native":false},{"column":10,"file":"node:internal/modules/cjs/loader","function":"Module._extensions..js","line":1427,"method":".js","native":false}]}
{"date":"Tue Feb 04 2025 20:18:15 GMT+0000 (Greenwich Mean Time)","error":{},"exception":true,"level":"error","message":"uncaughtException: Route.get() requires a callback function but got a [object Undefined]\nError: Route.get() requires a callback function but got a [object Undefined]\n    at Route.<computed> [as get] (/home/sam/Documents/BackendTest/node_modules/.pnpm/express@4.21.2/node_modules/express/lib/router/route.js:216:15)\n    at proto.<computed> [as get] (/home/sam/Documents/BackendTest/node_modules/.pnpm/express@4.21.2/node_modules/express/lib/router/index.js:521:19)\n    at Object.<anonymous> (/home/sam/Documents/BackendTest/src/routes/v1/merchant.routes.js:16:8)\n    at Module._compile (node:internal/modules/cjs/loader:1369:14)\n    at Module._extensions..js (node:internal/modules/cjs/loader:1427:10)\n    at Module.load (node:internal/modules/cjs/loader:1206:32)\n    at Module._load (node:internal/modules/cjs/loader:1022:12)\n    at Module.require (node:internal/modules/cjs/loader:1231:19)\n    at require (node:internal/modules/helpers:179:18)\n    at Object.<anonymous> (/home/sam/Documents/BackendTest/src/routes/v1/v1.routes.js:2:24)","os":{"loadavg":[2.99,2.8,2.71],"uptime":265280.01},"process":{"argv":["/home/sam/.nvm/versions/node/v20.12.1/bin/node","/home/sam/Documents/BackendTest/server.js"],"cwd":"/home/sam/Documents/BackendTest","execPath":"/home/sam/.nvm/versions/node/v20.12.1/bin/node","gid":1000,"memoryUsage":{"arrayBuffers":17200,"external":3194750,"heapTotal":33189888,"heapUsed":20306440,"rss":75231232},"pid":3219459,"uid":1000,"version":"v20.12.1"},"stack":"Error: Route.get() requires a callback function but got a [object Undefined]\n    at Route.<computed> [as get] (/home/sam/Documents/BackendTest/node_modules/.pnpm/express@4.21.2/node_modules/express/lib/router/route.js:216:15)\n    at proto.<computed> [as get] (/home/sam/Documents/BackendTest/node_modules/.pnpm/express@4.21.2/node_modules/express/lib/router/index.js:521:19)\n    at Object.<anonymous> (/home/sam/Documents/BackendTest/src/routes/v1/merchant.routes.js:16:8)\n    at Module._compile (node:internal/modules/cjs/loader:1369:14)\n    at Module._extensions..js (node:internal/modules/cjs/loader:1427:10)\n    at Module.load (node:internal/modules/cjs/loader:1206:32)\n    at Module._load (node:internal/modules/cjs/loader:1022:12)\n    at Module.require (node:internal/modules/cjs/loader:1231:19)\n    at require (node:internal/modules/helpers:179:18)\n    at Object.<anonymous> (/home/sam/Documents/BackendTest/src/routes/v1/v1.routes.js:2:24)","timestamp":"2025-02-04 20:18:15","trace":[{"column":15,"file":"/home/sam/Documents/BackendTest/node_modules/.pnpm/express@4.21.2/node_modules/express/lib/router/route.js","function":"Route.<computed> [as get]","line":216,"method":"<computed> [as get]","native":false},{"column":19,"file":"/home/sam/Documents/BackendTest/node_modules/.pnpm/express@4.21.2/node_modules/express/lib/router/index.js","function":"proto.<computed> [as get]","line":521,"method":"<computed> [as get]","native":false},{"column":8,"file":"/home/sam/Documents/BackendTest/src/routes/v1/merchant.routes.js","function":null,"line":16,"method":null,"native":false},{"column":14,"file":"node:internal/modules/cjs/loader","function":"Module._compile","line":1369,"method":"_compile","native":false},{"column":10,"file":"node:internal/modules/cjs/loader","function":"Module._extensions..js","line":1427,"method":".js","native":false},{"column":32,"file":"node:internal/modules/cjs/loader","function":"Module.load","line":1206,"method":"load","native":false},{"column":12,"file":"node:internal/modules/cjs/loader","function":"Module._load","line":1022,"method":"_load","native":false},{"column":19,"file":"node:internal/modules/cjs/loader","function":"Module.require","line":1231,"method":"require","native":false},{"column":18,"file":"node:internal/modules/helpers","function":"require","line":179,"method":null,"native":false},{"column":24,"file":"/home/sam/Documents/BackendTest/src/routes/v1/v1.routes.js","function":null,"line":2,"method":null,"native":false}]}
{"date":"Tue Feb 04 2025 20:18:41 GMT+0000 (Greenwich Mean Time)","error":{},"exception":true,"level":"error","message":"uncaughtException: Route.get() requires a callback function but got a [object Undefined]\nError: Route.get() requires a callback function but got a [object Undefined]\n    at Route.<computed> [as get] (/home/sam/Documents/BackendTest/node_modules/.pnpm/express@4.21.2/node_modules/express/lib/router/route.js:216:15)\n    at proto.<computed> [as get] (/home/sam/Documents/BackendTest/node_modules/.pnpm/express@4.21.2/node_modules/express/lib/router/index.js:521:19)\n    at Object.<anonymous> (/home/sam/Documents/BackendTest/src/routes/v1/merchant.routes.js:16:8)\n    at Module._compile (node:internal/modules/cjs/loader:1369:14)\n    at Module._extensions..js (node:internal/modules/cjs/loader:1427:10)\n    at Module.load (node:internal/modules/cjs/loader:1206:32)\n    at Module._load (node:internal/modules/cjs/loader:1022:12)\n    at Module.require (node:internal/modules/cjs/loader:1231:19)\n    at require (node:internal/modules/helpers:179:18)\n    at Object.<anonymous> (/home/sam/Documents/BackendTest/src/routes/v1/v1.routes.js:2:24)","os":{"loadavg":[3.22,2.88,2.74],"uptime":265305.91},"process":{"argv":["/home/sam/.nvm/versions/node/v20.12.1/bin/node","/home/sam/Documents/BackendTest/server.js"],"cwd":"/home/sam/Documents/BackendTest","execPath":"/home/sam/.nvm/versions/node/v20.12.1/bin/node","gid":1000,"memoryUsage":{"arrayBuffers":17200,"external":3194750,"heapTotal":32927744,"heapUsed":19989728,"rss":75071488},"pid":3221271,"uid":1000,"version":"v20.12.1"},"stack":"Error: Route.get() requires a callback function but got a [object Undefined]\n    at Route.<computed> [as get] (/home/sam/Documents/BackendTest/node_modules/.pnpm/express@4.21.2/node_modules/express/lib/router/route.js:216:15)\n    at proto.<computed> [as get] (/home/sam/Documents/BackendTest/node_modules/.pnpm/express@4.21.2/node_modules/express/lib/router/index.js:521:19)\n    at Object.<anonymous> (/home/sam/Documents/BackendTest/src/routes/v1/merchant.routes.js:16:8)\n    at Module._compile (node:internal/modules/cjs/loader:1369:14)\n    at Module._extensions..js (node:internal/modules/cjs/loader:1427:10)\n    at Module.load (node:internal/modules/cjs/loader:1206:32)\n    at Module._load (node:internal/modules/cjs/loader:1022:12)\n    at Module.require (node:internal/modules/cjs/loader:1231:19)\n    at require (node:internal/modules/helpers:179:18)\n    at Object.<anonymous> (/home/sam/Documents/BackendTest/src/routes/v1/v1.routes.js:2:24)","timestamp":"2025-02-04 20:18:41","trace":[{"column":15,"file":"/home/sam/Documents/BackendTest/node_modules/.pnpm/express@4.21.2/node_modules/express/lib/router/route.js","function":"Route.<computed> [as get]","line":216,"method":"<computed> [as get]","native":false},{"column":19,"file":"/home/sam/Documents/BackendTest/node_modules/.pnpm/express@4.21.2/node_modules/express/lib/router/index.js","function":"proto.<computed> [as get]","line":521,"method":"<computed> [as get]","native":false},{"column":8,"file":"/home/sam/Documents/BackendTest/src/routes/v1/merchant.routes.js","function":null,"line":16,"method":null,"native":false},{"column":14,"file":"node:internal/modules/cjs/loader","function":"Module._compile","line":1369,"method":"_compile","native":false},{"column":10,"file":"node:internal/modules/cjs/loader","function":"Module._extensions..js","line":1427,"method":".js","native":false},{"column":32,"file":"node:internal/modules/cjs/loader","function":"Module.load","line":1206,"method":"load","native":false},{"column":12,"file":"node:internal/modules/cjs/loader","function":"Module._load","line":1022,"method":"_load","native":false},{"column":19,"file":"node:internal/modules/cjs/loader","function":"Module.require","line":1231,"method":"require","native":false},{"column":18,"file":"node:internal/modules/helpers","function":"require","line":179,"method":null,"native":false},{"column":24,"file":"/home/sam/Documents/BackendTest/src/routes/v1/v1.routes.js","function":null,"line":2,"method":null,"native":false}]}
{"date":"Tue Feb 04 2025 20:18:47 GMT+0000 (Greenwich Mean Time)","error":{},"exception":true,"level":"error","message":"uncaughtException: Route.get() requires a callback function but got a [object Undefined]\nError: Route.get() requires a callback function but got a [object Undefined]\n    at Route.<computed> [as get] (/home/sam/Documents/BackendTest/node_modules/.pnpm/express@4.21.2/node_modules/express/lib/router/route.js:216:15)\n    at proto.<computed> [as get] (/home/sam/Documents/BackendTest/node_modules/.pnpm/express@4.21.2/node_modules/express/lib/router/index.js:521:19)\n    at Object.<anonymous> (/home/sam/Documents/BackendTest/src/routes/v1/merchant.routes.js:16:8)\n    at Module._compile (node:internal/modules/cjs/loader:1369:14)\n    at Module._extensions..js (node:internal/modules/cjs/loader:1427:10)\n    at Module.load (node:internal/modules/cjs/loader:1206:32)\n    at Module._load (node:internal/modules/cjs/loader:1022:12)\n    at Module.require (node:internal/modules/cjs/loader:1231:19)\n    at require (node:internal/modules/helpers:179:18)\n    at Object.<anonymous> (/home/sam/Documents/BackendTest/src/routes/v1/v1.routes.js:2:24)","os":{"loadavg":[3.13,2.87,2.73],"uptime":265311.67},"process":{"argv":["/home/sam/.nvm/versions/node/v20.12.1/bin/node","/home/sam/Documents/BackendTest/server.js"],"cwd":"/home/sam/Documents/BackendTest","execPath":"/home/sam/.nvm/versions/node/v20.12.1/bin/node","gid":1000,"memoryUsage":{"arrayBuffers":17200,"external":3194750,"heapTotal":32927744,"heapUsed":19964344,"rss":74661888},"pid":3221702,"uid":1000,"version":"v20.12.1"},"stack":"Error: Route.get() requires a callback function but got a [object Undefined]\n    at Route.<computed> [as get] (/home/sam/Documents/BackendTest/node_modules/.pnpm/express@4.21.2/node_modules/express/lib/router/route.js:216:15)\n    at proto.<computed> [as get] (/home/sam/Documents/BackendTest/node_modules/.pnpm/express@4.21.2/node_modules/express/lib/router/index.js:521:19)\n    at Object.<anonymous> (/home/sam/Documents/BackendTest/src/routes/v1/merchant.routes.js:16:8)\n    at Module._compile (node:internal/modules/cjs/loader:1369:14)\n    at Module._extensions..js (node:internal/modules/cjs/loader:1427:10)\n    at Module.load (node:internal/modules/cjs/loader:1206:32)\n    at Module._load (node:internal/modules/cjs/loader:1022:12)\n    at Module.require (node:internal/modules/cjs/loader:1231:19)\n    at require (node:internal/modules/helpers:179:18)\n    at Object.<anonymous> (/home/sam/Documents/BackendTest/src/routes/v1/v1.routes.js:2:24)","timestamp":"2025-02-04 20:18:47","trace":[{"column":15,"file":"/home/sam/Documents/BackendTest/node_modules/.pnpm/express@4.21.2/node_modules/express/lib/router/route.js","function":"Route.<computed> [as get]","line":216,"method":"<computed> [as get]","native":false},{"column":19,"file":"/home/sam/Documents/BackendTest/node_modules/.pnpm/express@4.21.2/node_modules/express/lib/router/index.js","function":"proto.<computed> [as get]","line":521,"method":"<computed> [as get]","native":false},{"column":8,"file":"/home/sam/Documents/BackendTest/src/routes/v1/merchant.routes.js","function":null,"line":16,"method":null,"native":false},{"column":14,"file":"node:internal/modules/cjs/loader","function":"Module._compile","line":1369,"method":"_compile","native":false},{"column":10,"file":"node:internal/modules/cjs/loader","function":"Module._extensions..js","line":1427,"method":".js","native":false},{"column":32,"file":"node:internal/modules/cjs/loader","function":"Module.load","line":1206,"method":"load","native":false},{"column":12,"file":"node:internal/modules/cjs/loader","function":"Module._load","line":1022,"method":"_load","native":false},{"column":19,"file":"node:internal/modules/cjs/loader","function":"Module.require","line":1231,"method":"require","native":false},{"column":18,"file":"node:internal/modules/helpers","function":"require","line":179,"method":null,"native":false},{"column":24,"file":"/home/sam/Documents/BackendTest/src/routes/v1/v1.routes.js","function":null,"line":2,"method":null,"native":false}]}
{"date":"Tue Feb 04 2025 20:18:48 GMT+0000 (Greenwich Mean Time)","error":{},"exception":true,"level":"error","message":"uncaughtException: Route.get() requires a callback function but got a [object Undefined]\nError: Route.get() requires a callback function but got a [object Undefined]\n    at Route.<computed> [as get] (/home/sam/Documents/BackendTest/node_modules/.pnpm/express@4.21.2/node_modules/express/lib/router/route.js:216:15)\n    at proto.<computed> [as get] (/home/sam/Documents/BackendTest/node_modules/.pnpm/express@4.21.2/node_modules/express/lib/router/index.js:521:19)\n    at Object.<anonymous> (/home/sam/Documents/BackendTest/src/routes/v1/merchant.routes.js:16:8)\n    at Module._compile (node:internal/modules/cjs/loader:1369:14)\n    at Module._extensions..js (node:internal/modules/cjs/loader:1427:10)\n    at Module.load (node:internal/modules/cjs/loader:1206:32)\n    at Module._load (node:internal/modules/cjs/loader:1022:12)\n    at Module.require (node:internal/modules/cjs/loader:1231:19)\n    at require (node:internal/modules/helpers:179:18)\n    at Object.<anonymous> (/home/sam/Documents/BackendTest/src/routes/v1/v1.routes.js:2:24)","os":{"loadavg":[3.13,2.87,2.73],"uptime":265313.52},"process":{"argv":["/home/sam/.nvm/versions/node/v20.12.1/bin/node","/home/sam/Documents/BackendTest/server.js"],"cwd":"/home/sam/Documents/BackendTest","execPath":"/home/sam/.nvm/versions/node/v20.12.1/bin/node","gid":1000,"memoryUsage":{"arrayBuffers":17200,"external":3194750,"heapTotal":33189888,"heapUsed":20284240,"rss":75120640},"pid":3221866,"uid":1000,"version":"v20.12.1"},"stack":"Error: Route.get() requires a callback function but got a [object Undefined]\n    at Route.<computed> [as get] (/home/sam/Documents/BackendTest/node_modules/.pnpm/express@4.21.2/node_modules/express/lib/router/route.js:216:15)\n    at proto.<computed> [as get] (/home/sam/Documents/BackendTest/node_modules/.pnpm/express@4.21.2/node_modules/express/lib/router/index.js:521:19)\n    at Object.<anonymous> (/home/sam/Documents/BackendTest/src/routes/v1/merchant.routes.js:16:8)\n    at Module._compile (node:internal/modules/cjs/loader:1369:14)\n    at Module._extensions..js (node:internal/modules/cjs/loader:1427:10)\n    at Module.load (node:internal/modules/cjs/loader:1206:32)\n    at Module._load (node:internal/modules/cjs/loader:1022:12)\n    at Module.require (node:internal/modules/cjs/loader:1231:19)\n    at require (node:internal/modules/helpers:179:18)\n    at Object.<anonymous> (/home/sam/Documents/BackendTest/src/routes/v1/v1.routes.js:2:24)","timestamp":"2025-02-04 20:18:48","trace":[{"column":15,"file":"/home/sam/Documents/BackendTest/node_modules/.pnpm/express@4.21.2/node_modules/express/lib/router/route.js","function":"Route.<computed> [as get]","line":216,"method":"<computed> [as get]","native":false},{"column":19,"file":"/home/sam/Documents/BackendTest/node_modules/.pnpm/express@4.21.2/node_modules/express/lib/router/index.js","function":"proto.<computed> [as get]","line":521,"method":"<computed> [as get]","native":false},{"column":8,"file":"/home/sam/Documents/BackendTest/src/routes/v1/merchant.routes.js","function":null,"line":16,"method":null,"native":false},{"column":14,"file":"node:internal/modules/cjs/loader","function":"Module._compile","line":1369,"method":"_compile","native":false},{"column":10,"file":"node:internal/modules/cjs/loader","function":"Module._extensions..js","line":1427,"method":".js","native":false},{"column":32,"file":"node:internal/modules/cjs/loader","function":"Module.load","line":1206,"method":"load","native":false},{"column":12,"file":"node:internal/modules/cjs/loader","function":"Module._load","line":1022,"method":"_load","native":false},{"column":19,"file":"node:internal/modules/cjs/loader","function":"Module.require","line":1231,"method":"require","native":false},{"column":18,"file":"node:internal/modules/helpers","function":"require","line":179,"method":null,"native":false},{"column":24,"file":"/home/sam/Documents/BackendTest/src/routes/v1/v1.routes.js","function":null,"line":2,"method":null,"native":false}]}
{"date":"Tue Feb 04 2025 20:18:52 GMT+0000 (Greenwich Mean Time)","error":{},"exception":true,"level":"error","message":"uncaughtException: Route.get() requires a callback function but got a [object Undefined]\nError: Route.get() requires a callback function but got a [object Undefined]\n    at Route.<computed> [as get] (/home/sam/Documents/BackendTest/node_modules/.pnpm/express@4.21.2/node_modules/express/lib/router/route.js:216:15)\n    at proto.<computed> [as get] (/home/sam/Documents/BackendTest/node_modules/.pnpm/express@4.21.2/node_modules/express/lib/router/index.js:521:19)\n    at Object.<anonymous> (/home/sam/Documents/BackendTest/src/routes/v1/merchant.routes.js:16:8)\n    at Module._compile (node:internal/modules/cjs/loader:1369:14)\n    at Module._extensions..js (node:internal/modules/cjs/loader:1427:10)\n    at Module.load (node:internal/modules/cjs/loader:1206:32)\n    at Module._load (node:internal/modules/cjs/loader:1022:12)\n    at Module.require (node:internal/modules/cjs/loader:1231:19)\n    at require (node:internal/modules/helpers:179:18)\n    at Object.<anonymous> (/home/sam/Documents/BackendTest/src/routes/v1/v1.routes.js:2:24)","os":{"loadavg":[3.52,2.95,2.76],"uptime":265317.46},"process":{"argv":["/home/sam/.nvm/versions/node/v20.12.1/bin/node","/home/sam/Documents/BackendTest/server.js"],"cwd":"/home/sam/Documents/BackendTest","execPath":"/home/sam/.nvm/versions/node/v20.12.1/bin/node","gid":1000,"memoryUsage":{"arrayBuffers":17200,"external":3194750,"heapTotal":33189888,"heapUsed":19931472,"rss":75190272},"pid":3222173,"uid":1000,"version":"v20.12.1"},"stack":"Error: Route.get() requires a callback function but got a [object Undefined]\n    at Route.<computed> [as get] (/home/sam/Documents/BackendTest/node_modules/.pnpm/express@4.21.2/node_modules/express/lib/router/route.js:216:15)\n    at proto.<computed> [as get] (/home/sam/Documents/BackendTest/node_modules/.pnpm/express@4.21.2/node_modules/express/lib/router/index.js:521:19)\n    at Object.<anonymous> (/home/sam/Documents/BackendTest/src/routes/v1/merchant.routes.js:16:8)\n    at Module._compile (node:internal/modules/cjs/loader:1369:14)\n    at Module._extensions..js (node:internal/modules/cjs/loader:1427:10)\n    at Module.load (node:internal/modules/cjs/loader:1206:32)\n    at Module._load (node:internal/modules/cjs/loader:1022:12)\n    at Module.require (node:internal/modules/cjs/loader:1231:19)\n    at require (node:internal/modules/helpers:179:18)\n    at Object.<anonymous> (/home/sam/Documents/BackendTest/src/routes/v1/v1.routes.js:2:24)","timestamp":"2025-02-04 20:18:52","trace":[{"column":15,"file":"/home/sam/Documents/BackendTest/node_modules/.pnpm/express@4.21.2/node_modules/express/lib/router/route.js","function":"Route.<computed> [as get]","line":216,"method":"<computed> [as get]","native":false},{"column":19,"file":"/home/sam/Documents/BackendTest/node_modules/.pnpm/express@4.21.2/node_modules/express/lib/router/index.js","function":"proto.<computed> [as get]","line":521,"method":"<computed> [as get]","native":false},{"column":8,"file":"/home/sam/Documents/BackendTest/src/routes/v1/merchant.routes.js","function":null,"line":16,"method":null,"native":false},{"column":14,"file":"node:internal/modules/cjs/loader","function":"Module._compile","line":1369,"method":"_compile","native":false},{"column":10,"file":"node:internal/modules/cjs/loader","function":"Module._extensions..js","line":1427,"method":".js","native":false},{"column":32,"file":"node:internal/modules/cjs/loader","function":"Module.load","line":1206,"method":"load","native":false},{"column":12,"file":"node:internal/modules/cjs/loader","function":"Module._load","line":1022,"method":"_load","native":false},{"column":19,"file":"node:internal/modules/cjs/loader","function":"Module.require","line":1231,"method":"require","native":false},{"column":18,"file":"node:internal/modules/helpers","function":"require","line":179,"method":null,"native":false},{"column":24,"file":"/home/sam/Documents/BackendTest/src/routes/v1/v1.routes.js","function":null,"line":2,"method":null,"native":false}]}
{"date":"Tue Feb 04 2025 20:18:55 GMT+0000 (Greenwich Mean Time)","error":{},"exception":true,"level":"error","message":"uncaughtException: Route.get() requires a callback function but got a [object Undefined]\nError: Route.get() requires a callback function but got a [object Undefined]\n    at Route.<computed> [as get] (/home/sam/Documents/BackendTest/node_modules/.pnpm/express@4.21.2/node_modules/express/lib/router/route.js:216:15)\n    at proto.<computed> [as get] (/home/sam/Documents/BackendTest/node_modules/.pnpm/express@4.21.2/node_modules/express/lib/router/index.js:521:19)\n    at Object.<anonymous> (/home/sam/Documents/BackendTest/src/routes/v1/merchant.routes.js:16:8)\n    at Module._compile (node:internal/modules/cjs/loader:1369:14)\n    at Module._extensions..js (node:internal/modules/cjs/loader:1427:10)\n    at Module.load (node:internal/modules/cjs/loader:1206:32)\n    at Module._load (node:internal/modules/cjs/loader:1022:12)\n    at Module.require (node:internal/modules/cjs/loader:1231:19)\n    at require (node:internal/modules/helpers:179:18)\n    at Object.<anonymous> (/home/sam/Documents/BackendTest/src/routes/v1/v1.routes.js:2:24)","os":{"loadavg":[3.47,2.95,2.76],"uptime":265320.3},"process":{"argv":["/home/sam/.nvm/versions/node/v20.12.1/bin/node","/home/sam/Documents/BackendTest/server.js"],"cwd":"/home/sam/Documents/BackendTest","execPath":"/home/sam/.nvm/versions/node/v20.12.1/bin/node","gid":1000,"memoryUsage":{"arrayBuffers":17200,"external":3194750,"heapTotal":33189888,"heapUsed":19831360,"rss":75145216},"pid":3222326,"uid":1000,"version":"v20.12.1"},"stack":"Error: Route.get() requires a callback function but got a [object Undefined]\n    at Route.<computed> [as get] (/home/sam/Documents/BackendTest/node_modules/.pnpm/express@4.21.2/node_modules/express/lib/router/route.js:216:15)\n    at proto.<computed> [as get] (/home/sam/Documents/BackendTest/node_modules/.pnpm/express@4.21.2/node_modules/express/lib/router/index.js:521:19)\n    at Object.<anonymous> (/home/sam/Documents/BackendTest/src/routes/v1/merchant.routes.js:16:8)\n    at Module._compile (node:internal/modules/cjs/loader:1369:14)\n    at Module._extensions..js (node:internal/modules/cjs/loader:1427:10)\n    at Module.load (node:internal/modules/cjs/loader:1206:32)\n    at Module._load (node:internal/modules/cjs/loader:1022:12)\n    at Module.require (node:internal/modules/cjs/loader:1231:19)\n    at require (node:internal/modules/helpers:179:18)\n    at Object.<anonymous> (/home/sam/Documents/BackendTest/src/routes/v1/v1.routes.js:2:24)","timestamp":"2025-02-04 20:18:55","trace":[{"column":15,"file":"/home/sam/Documents/BackendTest/node_modules/.pnpm/express@4.21.2/node_modules/express/lib/router/route.js","function":"Route.<computed> [as get]","line":216,"method":"<computed> [as get]","native":false},{"column":19,"file":"/home/sam/Documents/BackendTest/node_modules/.pnpm/express@4.21.2/node_modules/express/lib/router/index.js","function":"proto.<computed> [as get]","line":521,"method":"<computed> [as get]","native":false},{"column":8,"file":"/home/sam/Documents/BackendTest/src/routes/v1/merchant.routes.js","function":null,"line":16,"method":null,"native":false},{"column":14,"file":"node:internal/modules/cjs/loader","function":"Module._compile","line":1369,"method":"_compile","native":false},{"column":10,"file":"node:internal/modules/cjs/loader","function":"Module._extensions..js","line":1427,"method":".js","native":false},{"column":32,"file":"node:internal/modules/cjs/loader","function":"Module.load","line":1206,"method":"load","native":false},{"column":12,"file":"node:internal/modules/cjs/loader","function":"Module._load","line":1022,"method":"_load","native":false},{"column":19,"file":"node:internal/modules/cjs/loader","function":"Module.require","line":1231,"method":"require","native":false},{"column":18,"file":"node:internal/modules/helpers","function":"require","line":179,"method":null,"native":false},{"column":24,"file":"/home/sam/Documents/BackendTest/src/routes/v1/v1.routes.js","function":null,"line":2,"method":null,"native":false}]}
{"date":"Tue Feb 04 2025 20:18:56 GMT+0000 (Greenwich Mean Time)","error":{},"exception":true,"level":"error","message":"uncaughtException: Route.get() requires a callback function but got a [object Undefined]\nError: Route.get() requires a callback function but got a [object Undefined]\n    at Route.<computed> [as get] (/home/sam/Documents/BackendTest/node_modules/.pnpm/express@4.21.2/node_modules/express/lib/router/route.js:216:15)\n    at proto.<computed> [as get] (/home/sam/Documents/BackendTest/node_modules/.pnpm/express@4.21.2/node_modules/express/lib/router/index.js:521:19)\n    at Object.<anonymous> (/home/sam/Documents/BackendTest/src/routes/v1/merchant.routes.js:16:8)\n    at Module._compile (node:internal/modules/cjs/loader:1369:14)\n    at Module._extensions..js (node:internal/modules/cjs/loader:1427:10)\n    at Module.load (node:internal/modules/cjs/loader:1206:32)\n    at Module._load (node:internal/modules/cjs/loader:1022:12)\n    at Module.require (node:internal/modules/cjs/loader:1231:19)\n    at require (node:internal/modules/helpers:179:18)\n    at Object.<anonymous> (/home/sam/Documents/BackendTest/src/routes/v1/v1.routes.js:2:24)","os":{"loadavg":[3.47,2.95,2.76],"uptime":265321.4},"process":{"argv":["/home/sam/.nvm/versions/node/v20.12.1/bin/node","/home/sam/Documents/BackendTest/server.js"],"cwd":"/home/sam/Documents/BackendTest","execPath":"/home/sam/.nvm/versions/node/v20.12.1/bin/node","gid":1000,"memoryUsage":{"arrayBuffers":17200,"external":3194750,"heapTotal":33189888,"heapUsed":19969000,"rss":74919936},"pid":3222424,"uid":1000,"version":"v20.12.1"},"stack":"Error: Route.get() requires a callback function but got a [object Undefined]\n    at Route.<computed> [as get] (/home/sam/Documents/BackendTest/node_modules/.pnpm/express@4.21.2/node_modules/express/lib/router/route.js:216:15)\n    at proto.<computed> [as get] (/home/sam/Documents/BackendTest/node_modules/.pnpm/express@4.21.2/node_modules/express/lib/router/index.js:521:19)\n    at Object.<anonymous> (/home/sam/Documents/BackendTest/src/routes/v1/merchant.routes.js:16:8)\n    at Module._compile (node:internal/modules/cjs/loader:1369:14)\n    at Module._extensions..js (node:internal/modules/cjs/loader:1427:10)\n    at Module.load (node:internal/modules/cjs/loader:1206:32)\n    at Module._load (node:internal/modules/cjs/loader:1022:12)\n    at Module.require (node:internal/modules/cjs/loader:1231:19)\n    at require (node:internal/modules/helpers:179:18)\n    at Object.<anonymous> (/home/sam/Documents/BackendTest/src/routes/v1/v1.routes.js:2:24)","timestamp":"2025-02-04 20:18:56","trace":[{"column":15,"file":"/home/sam/Documents/BackendTest/node_modules/.pnpm/express@4.21.2/node_modules/express/lib/router/route.js","function":"Route.<computed> [as get]","line":216,"method":"<computed> [as get]","native":false},{"column":19,"file":"/home/sam/Documents/BackendTest/node_modules/.pnpm/express@4.21.2/node_modules/express/lib/router/index.js","function":"proto.<computed> [as get]","line":521,"method":"<computed> [as get]","native":false},{"column":8,"file":"/home/sam/Documents/BackendTest/src/routes/v1/merchant.routes.js","function":null,"line":16,"method":null,"native":false},{"column":14,"file":"node:internal/modules/cjs/loader","function":"Module._compile","line":1369,"method":"_compile","native":false},{"column":10,"file":"node:internal/modules/cjs/loader","function":"Module._extensions..js","line":1427,"method":".js","native":false},{"column":32,"file":"node:internal/modules/cjs/loader","function":"Module.load","line":1206,"method":"load","native":false},{"column":12,"file":"node:internal/modules/cjs/loader","function":"Module._load","line":1022,"method":"_load","native":false},{"column":19,"file":"node:internal/modules/cjs/loader","function":"Module.require","line":1231,"method":"require","native":false},{"column":18,"file":"node:internal/modules/helpers","function":"require","line":179,"method":null,"native":false},{"column":24,"file":"/home/sam/Documents/BackendTest/src/routes/v1/v1.routes.js","function":null,"line":2,"method":null,"native":false}]}
{"date":"Tue Feb 04 2025 20:18:59 GMT+0000 (Greenwich Mean Time)","error":{},"exception":true,"level":"error","message":"uncaughtException: Route.get() requires a callback function but got a [object Undefined]\nError: Route.get() requires a callback function but got a [object Undefined]\n    at Route.<computed> [as get] (/home/sam/Documents/BackendTest/node_modules/.pnpm/express@4.21.2/node_modules/express/lib/router/route.js:216:15)\n    at proto.<computed> [as get] (/home/sam/Documents/BackendTest/node_modules/.pnpm/express@4.21.2/node_modules/express/lib/router/index.js:521:19)\n    at Object.<anonymous> (/home/sam/Documents/BackendTest/src/routes/v1/merchant.routes.js:16:8)\n    at Module._compile (node:internal/modules/cjs/loader:1369:14)\n    at Module._extensions..js (node:internal/modules/cjs/loader:1427:10)\n    at Module.load (node:internal/modules/cjs/loader:1206:32)\n    at Module._load (node:internal/modules/cjs/loader:1022:12)\n    at Module.require (node:internal/modules/cjs/loader:1231:19)\n    at require (node:internal/modules/helpers:179:18)\n    at Object.<anonymous> (/home/sam/Documents/BackendTest/src/routes/v1/v1.routes.js:2:24)","os":{"loadavg":[3.76,3.02,2.79],"uptime":265323.94},"process":{"argv":["/home/sam/.nvm/versions/node/v20.12.1/bin/node","/home/sam/Documents/BackendTest/server.js"],"cwd":"/home/sam/Documents/BackendTest","execPath":"/home/sam/.nvm/versions/node/v20.12.1/bin/node","gid":1000,"memoryUsage":{"arrayBuffers":17200,"external":3194750,"heapTotal":33189888,"heapUsed":19872160,"rss":74665984},"pid":3222644,"uid":1000,"version":"v20.12.1"},"stack":"Error: Route.get() requires a callback function but got a [object Undefined]\n    at Route.<computed> [as get] (/home/sam/Documents/BackendTest/node_modules/.pnpm/express@4.21.2/node_modules/express/lib/router/route.js:216:15)\n    at proto.<computed> [as get] (/home/sam/Documents/BackendTest/node_modules/.pnpm/express@4.21.2/node_modules/express/lib/router/index.js:521:19)\n    at Object.<anonymous> (/home/sam/Documents/BackendTest/src/routes/v1/merchant.routes.js:16:8)\n    at Module._compile (node:internal/modules/cjs/loader:1369:14)\n    at Module._extensions..js (node:internal/modules/cjs/loader:1427:10)\n    at Module.load (node:internal/modules/cjs/loader:1206:32)\n    at Module._load (node:internal/modules/cjs/loader:1022:12)\n    at Module.require (node:internal/modules/cjs/loader:1231:19)\n    at require (node:internal/modules/helpers:179:18)\n    at Object.<anonymous> (/home/sam/Documents/BackendTest/src/routes/v1/v1.routes.js:2:24)","timestamp":"2025-02-04 20:18:59","trace":[{"column":15,"file":"/home/sam/Documents/BackendTest/node_modules/.pnpm/express@4.21.2/node_modules/express/lib/router/route.js","function":"Route.<computed> [as get]","line":216,"method":"<computed> [as get]","native":false},{"column":19,"file":"/home/sam/Documents/BackendTest/node_modules/.pnpm/express@4.21.2/node_modules/express/lib/router/index.js","function":"proto.<computed> [as get]","line":521,"method":"<computed> [as get]","native":false},{"column":8,"file":"/home/sam/Documents/BackendTest/src/routes/v1/merchant.routes.js","function":null,"line":16,"method":null,"native":false},{"column":14,"file":"node:internal/modules/cjs/loader","function":"Module._compile","line":1369,"method":"_compile","native":false},{"column":10,"file":"node:internal/modules/cjs/loader","function":"Module._extensions..js","line":1427,"method":".js","native":false},{"column":32,"file":"node:internal/modules/cjs/loader","function":"Module.load","line":1206,"method":"load","native":false},{"column":12,"file":"node:internal/modules/cjs/loader","function":"Module._load","line":1022,"method":"_load","native":false},{"column":19,"file":"node:internal/modules/cjs/loader","function":"Module.require","line":1231,"method":"require","native":false},{"column":18,"file":"node:internal/modules/helpers","function":"require","line":179,"method":null,"native":false},{"column":24,"file":"/home/sam/Documents/BackendTest/src/routes/v1/v1.routes.js","function":null,"line":2,"method":null,"native":false}]}
{"date":"Tue Feb 04 2025 20:19:02 GMT+0000 (Greenwich Mean Time)","error":{},"exception":true,"level":"error","message":"uncaughtException: Route.get() requires a callback function but got a [object Undefined]\nError: Route.get() requires a callback function but got a [object Undefined]\n    at Route.<computed> [as get] (/home/sam/Documents/BackendTest/node_modules/.pnpm/express@4.21.2/node_modules/express/lib/router/route.js:216:15)\n    at proto.<computed> [as get] (/home/sam/Documents/BackendTest/node_modules/.pnpm/express@4.21.2/node_modules/express/lib/router/index.js:521:19)\n    at Object.<anonymous> (/home/sam/Documents/BackendTest/src/routes/v1/merchant.routes.js:16:8)\n    at Module._compile (node:internal/modules/cjs/loader:1369:14)\n    at Module._extensions..js (node:internal/modules/cjs/loader:1427:10)\n    at Module.load (node:internal/modules/cjs/loader:1206:32)\n    at Module._load (node:internal/modules/cjs/loader:1022:12)\n    at Module.require (node:internal/modules/cjs/loader:1231:19)\n    at require (node:internal/modules/helpers:179:18)\n    at Object.<anonymous> (/home/sam/Documents/BackendTest/src/routes/v1/v1.routes.js:2:24)","os":{"loadavg":[3.76,3.02,2.79],"uptime":265327.18},"process":{"argv":["/home/sam/.nvm/versions/node/v20.12.1/bin/node","/home/sam/Documents/BackendTest/server.js"],"cwd":"/home/sam/Documents/BackendTest","execPath":"/home/sam/.nvm/versions/node/v20.12.1/bin/node","gid":1000,"memoryUsage":{"arrayBuffers":17200,"external":3194750,"heapTotal":33189888,"heapUsed":20255168,"rss":74932224},"pid":3222892,"uid":1000,"version":"v20.12.1"},"stack":"Error: Route.get() requires a callback function but got a [object Undefined]\n    at Route.<computed> [as get] (/home/sam/Documents/BackendTest/node_modules/.pnpm/express@4.21.2/node_modules/express/lib/router/route.js:216:15)\n    at proto.<computed> [as get] (/home/sam/Documents/BackendTest/node_modules/.pnpm/express@4.21.2/node_modules/express/lib/router/index.js:521:19)\n    at Object.<anonymous> (/home/sam/Documents/BackendTest/src/routes/v1/merchant.routes.js:16:8)\n    at Module._compile (node:internal/modules/cjs/loader:1369:14)\n    at Module._extensions..js (node:internal/modules/cjs/loader:1427:10)\n    at Module.load (node:internal/modules/cjs/loader:1206:32)\n    at Module._load (node:internal/modules/cjs/loader:1022:12)\n    at Module.require (node:internal/modules/cjs/loader:1231:19)\n    at require (node:internal/modules/helpers:179:18)\n    at Object.<anonymous> (/home/sam/Documents/BackendTest/src/routes/v1/v1.routes.js:2:24)","timestamp":"2025-02-04 20:19:02","trace":[{"column":15,"file":"/home/sam/Documents/BackendTest/node_modules/.pnpm/express@4.21.2/node_modules/express/lib/router/route.js","function":"Route.<computed> [as get]","line":216,"method":"<computed> [as get]","native":false},{"column":19,"file":"/home/sam/Documents/BackendTest/node_modules/.pnpm/express@4.21.2/node_modules/express/lib/router/index.js","function":"proto.<computed> [as get]","line":521,"method":"<computed> [as get]","native":false},{"column":8,"file":"/home/sam/Documents/BackendTest/src/routes/v1/merchant.routes.js","function":null,"line":16,"method":null,"native":false},{"column":14,"file":"node:internal/modules/cjs/loader","function":"Module._compile","line":1369,"method":"_compile","native":false},{"column":10,"file":"node:internal/modules/cjs/loader","function":"Module._extensions..js","line":1427,"method":".js","native":false},{"column":32,"file":"node:internal/modules/cjs/loader","function":"Module.load","line":1206,"method":"load","native":false},{"column":12,"file":"node:internal/modules/cjs/loader","function":"Module._load","line":1022,"method":"_load","native":false},{"column":19,"file":"node:internal/modules/cjs/loader","function":"Module.require","line":1231,"method":"require","native":false},{"column":18,"file":"node:internal/modules/helpers","function":"require","line":179,"method":null,"native":false},{"column":24,"file":"/home/sam/Documents/BackendTest/src/routes/v1/v1.routes.js","function":null,"line":2,"method":null,"native":false}]}
{"date":"Tue Feb 04 2025 20:19:35 GMT+0000 (Greenwich Mean Time)","error":{"code":"ERR_INVALID_ARG_VALUE"},"exception":true,"level":"error","message":"uncaughtException: The argument 'id' must be a non-empty string. Received ''\nTypeError [ERR_INVALID_ARG_VALUE]: The argument 'id' must be a non-empty string. Received ''\n    at Module.require (node:internal/modules/cjs/loader:1226:11)\n    at require (node:internal/modules/helpers:179:18)\n    at Object.<anonymous> (/home/sam/Documents/BackendTest/src/routes/v1/merchant.routes.js:10:20)\n    at Module._compile (node:internal/modules/cjs/loader:1369:14)\n    at Module._extensions..js (node:internal/modules/cjs/loader:1427:10)\n    at Module.load (node:internal/modules/cjs/loader:1206:32)\n    at Module._load (node:internal/modules/cjs/loader:1022:12)\n    at Module.require (node:internal/modules/cjs/loader:1231:19)\n    at require (node:internal/modules/helpers:179:18)\n    at Object.<anonymous> (/home/sam/Documents/BackendTest/src/routes/v1/v1.routes.js:2:24)","os":{"loadavg":[4.44,3.26,2.88],"uptime":265359.92},"process":{"argv":["/home/sam/.nvm/versions/node/v20.12.1/bin/node","/home/sam/Documents/BackendTest/server.js"],"cwd":"/home/sam/Documents/BackendTest","execPath":"/home/sam/.nvm/versions/node/v20.12.1/bin/node","gid":1000,"memoryUsage":{"arrayBuffers":17200,"external":3194750,"heapTotal":32927744,"heapUsed":19884576,"rss":76935168},"pid":3224739,"uid":1000,"version":"v20.12.1"},"stack":"TypeError [ERR_INVALID_ARG_VALUE]: The argument 'id' must be a non-empty string. Received ''\n    at Module.require (node:internal/modules/cjs/loader:1226:11)\n    at require (node:internal/modules/helpers:179:18)\n    at Object.<anonymous> (/home/sam/Documents/BackendTest/src/routes/v1/merchant.routes.js:10:20)\n    at Module._compile (node:internal/modules/cjs/loader:1369:14)\n    at Module._extensions..js (node:internal/modules/cjs/loader:1427:10)\n    at Module.load (node:internal/modules/cjs/loader:1206:32)\n    at Module._load (node:internal/modules/cjs/loader:1022:12)\n    at Module.require (node:internal/modules/cjs/loader:1231:19)\n    at require (node:internal/modules/helpers:179:18)\n    at Object.<anonymous> (/home/sam/Documents/BackendTest/src/routes/v1/v1.routes.js:2:24)","timestamp":"2025-02-04 20:19:35","trace":[{"column":11,"file":"node:internal/modules/cjs/loader","function":"Module.require","line":1226,"method":"require","native":false},{"column":18,"file":"node:internal/modules/helpers","function":"require","line":179,"method":null,"native":false},{"column":20,"file":"/home/sam/Documents/BackendTest/src/routes/v1/merchant.routes.js","function":null,"line":10,"method":null,"native":false},{"column":14,"file":"node:internal/modules/cjs/loader","function":"Module._compile","line":1369,"method":"_compile","native":false},{"column":10,"file":"node:internal/modules/cjs/loader","function":"Module._extensions..js","line":1427,"method":".js","native":false},{"column":32,"file":"node:internal/modules/cjs/loader","function":"Module.load","line":1206,"method":"load","native":false},{"column":12,"file":"node:internal/modules/cjs/loader","function":"Module._load","line":1022,"method":"_load","native":false},{"column":19,"file":"node:internal/modules/cjs/loader","function":"Module.require","line":1231,"method":"require","native":false},{"column":18,"file":"node:internal/modules/helpers","function":"require","line":179,"method":null,"native":false},{"column":24,"file":"/home/sam/Documents/BackendTest/src/routes/v1/v1.routes.js","function":null,"line":2,"method":null,"native":false}]}
{"date":"Tue Feb 04 2025 20:19:36 GMT+0000 (Greenwich Mean Time)","error":{"code":"MODULE_NOT_FOUND","requireStack":["/home/sam/Documents/BackendTest/src/routes/v1/merchant.routes.js","/home/sam/Documents/BackendTest/src/routes/v1/v1.routes.js","/home/sam/Documents/BackendTest/src/routes/main.routes.js","/home/sam/Documents/BackendTest/server.js"]},"exception":true,"level":"error","message":"uncaughtException: Cannot find module '../'\nRequire stack:\n- /home/sam/Documents/BackendTest/src/routes/v1/merchant.routes.js\n- /home/sam/Documents/BackendTest/src/routes/v1/v1.routes.js\n- /home/sam/Documents/BackendTest/src/routes/main.routes.js\n- /home/sam/Documents/BackendTest/server.js\nError: Cannot find module '../'\nRequire stack:\n- /home/sam/Documents/BackendTest/src/routes/v1/merchant.routes.js\n- /home/sam/Documents/BackendTest/src/routes/v1/v1.routes.js\n- /home/sam/Documents/BackendTest/src/routes/main.routes.js\n- /home/sam/Documents/BackendTest/server.js\n    at Module._resolveFilename (node:internal/modules/cjs/loader:1143:15)\n    at Module._load (node:internal/modules/cjs/loader:984:27)\n    at Module.require (node:internal/modules/cjs/loader:1231:19)\n    at require (node:internal/modules/helpers:179:18)\n    at Object.<anonymous> (/home/sam/Documents/BackendTest/src/routes/v1/merchant.routes.js:10:20)\n    at Module._compile (node:internal/modules/cjs/loader:1369:14)\n    at Module._extensions..js (node:internal/modules/cjs/loader:1427:10)\n    at Module.load (node:internal/modules/cjs/loader:1206:32)\n    at Module._load (node:internal/modules/cjs/loader:1022:12)\n    at Module.require (node:internal/modules/cjs/loader:1231:19)","os":{"loadavg":[4.44,3.26,2.88],"uptime":265360.96},"process":{"argv":["/home/sam/.nvm/versions/node/v20.12.1/bin/node","/home/sam/Documents/BackendTest/server.js"],"cwd":"/home/sam/Documents/BackendTest","execPath":"/home/sam/.nvm/versions/node/v20.12.1/bin/node","gid":1000,"memoryUsage":{"arrayBuffers":17200,"external":3194750,"heapTotal":33189888,"heapUsed":20016832,"rss":75943936},"pid":3224870,"uid":1000,"version":"v20.12.1"},"stack":"Error: Cannot find module '../'\nRequire stack:\n- /home/sam/Documents/BackendTest/src/routes/v1/merchant.routes.js\n- /home/sam/Documents/BackendTest/src/routes/v1/v1.routes.js\n- /home/sam/Documents/BackendTest/src/routes/main.routes.js\n- /home/sam/Documents/BackendTest/server.js\n    at Module._resolveFilename (node:internal/modules/cjs/loader:1143:15)\n    at Module._load (node:internal/modules/cjs/loader:984:27)\n    at Module.require (node:internal/modules/cjs/loader:1231:19)\n    at require (node:internal/modules/helpers:179:18)\n    at Object.<anonymous> (/home/sam/Documents/BackendTest/src/routes/v1/merchant.routes.js:10:20)\n    at Module._compile (node:internal/modules/cjs/loader:1369:14)\n    at Module._extensions..js (node:internal/modules/cjs/loader:1427:10)\n    at Module.load (node:internal/modules/cjs/loader:1206:32)\n    at Module._load (node:internal/modules/cjs/loader:1022:12)\n    at Module.require (node:internal/modules/cjs/loader:1231:19)","timestamp":"2025-02-04 20:19:36","trace":[{"column":15,"file":"node:internal/modules/cjs/loader","function":"Module._resolveFilename","line":1143,"method":"_resolveFilename","native":false},{"column":27,"file":"node:internal/modules/cjs/loader","function":"Module._load","line":984,"method":"_load","native":false},{"column":19,"file":"node:internal/modules/cjs/loader","function":"Module.require","line":1231,"method":"require","native":false},{"column":18,"file":"node:internal/modules/helpers","function":"require","line":179,"method":null,"native":false},{"column":20,"file":"/home/sam/Documents/BackendTest/src/routes/v1/merchant.routes.js","function":null,"line":10,"method":null,"native":false},{"column":14,"file":"node:internal/modules/cjs/loader","function":"Module._compile","line":1369,"method":"_compile","native":false},{"column":10,"file":"node:internal/modules/cjs/loader","function":"Module._extensions..js","line":1427,"method":".js","native":false},{"column":32,"file":"node:internal/modules/cjs/loader","function":"Module.load","line":1206,"method":"load","native":false},{"column":12,"file":"node:internal/modules/cjs/loader","function":"Module._load","line":1022,"method":"_load","native":false},{"column":19,"file":"node:internal/modules/cjs/loader","function":"Module.require","line":1231,"method":"require","native":false}]}
{"date":"Tue Feb 04 2025 20:19:42 GMT+0000 (Greenwich Mean Time)","error":{"code":"MODULE_NOT_FOUND","requireStack":["/home/sam/Documents/BackendTest/src/routes/v1/merchant.routes.js","/home/sam/Documents/BackendTest/src/routes/v1/v1.routes.js","/home/sam/Documents/BackendTest/src/routes/main.routes.js","/home/sam/Documents/BackendTest/server.js"]},"exception":true,"level":"error","message":"uncaughtException: Cannot find module '../../controllers/'\nRequire stack:\n- /home/sam/Documents/BackendTest/src/routes/v1/merchant.routes.js\n- /home/sam/Documents/BackendTest/src/routes/v1/v1.routes.js\n- /home/sam/Documents/BackendTest/src/routes/main.routes.js\n- /home/sam/Documents/BackendTest/server.js\nError: Cannot find module '../../controllers/'\nRequire stack:\n- /home/sam/Documents/BackendTest/src/routes/v1/merchant.routes.js\n- /home/sam/Documents/BackendTest/src/routes/v1/v1.routes.js\n- /home/sam/Documents/BackendTest/src/routes/main.routes.js\n- /home/sam/Documents/BackendTest/server.js\n    at Module._resolveFilename (node:internal/modules/cjs/loader:1143:15)\n    at Module._load (node:internal/modules/cjs/loader:984:27)\n    at Module.require (node:internal/modules/cjs/loader:1231:19)\n    at require (node:internal/modules/helpers:179:18)\n    at Object.<anonymous> (/home/sam/Documents/BackendTest/src/routes/v1/merchant.routes.js:10:20)\n    at Module._compile (node:internal/modules/cjs/loader:1369:14)\n    at Module._extensions..js (node:internal/modules/cjs/loader:1427:10)\n    at Module.load (node:internal/modules/cjs/loader:1206:32)\n    at Module._load (node:internal/modules/cjs/loader:1022:12)\n    at Module.require (node:internal/modules/cjs/loader:1231:19)","os":{"loadavg":[4.4,3.27,2.88],"uptime":265367.33},"process":{"argv":["/home/sam/.nvm/versions/node/v20.12.1/bin/node","/home/sam/Documents/BackendTest/server.js"],"cwd":"/home/sam/Documents/BackendTest","execPath":"/home/sam/.nvm/versions/node/v20.12.1/bin/node","gid":1000,"memoryUsage":{"arrayBuffers":17200,"external":3194750,"heapTotal":32927744,"heapUsed":20121808,"rss":74760192},"pid":3225308,"uid":1000,"version":"v20.12.1"},"stack":"Error: Cannot find module '../../controllers/'\nRequire stack:\n- /home/sam/Documents/BackendTest/src/routes/v1/merchant.routes.js\n- /home/sam/Documents/BackendTest/src/routes/v1/v1.routes.js\n- /home/sam/Documents/BackendTest/src/routes/main.routes.js\n- /home/sam/Documents/BackendTest/server.js\n    at Module._resolveFilename (node:internal/modules/cjs/loader:1143:15)\n    at Module._load (node:internal/modules/cjs/loader:984:27)\n    at Module.require (node:internal/modules/cjs/loader:1231:19)\n    at require (node:internal/modules/helpers:179:18)\n    at Object.<anonymous> (/home/sam/Documents/BackendTest/src/routes/v1/merchant.routes.js:10:20)\n    at Module._compile (node:internal/modules/cjs/loader:1369:14)\n    at Module._extensions..js (node:internal/modules/cjs/loader:1427:10)\n    at Module.load (node:internal/modules/cjs/loader:1206:32)\n    at Module._load (node:internal/modules/cjs/loader:1022:12)\n    at Module.require (node:internal/modules/cjs/loader:1231:19)","timestamp":"2025-02-04 20:19:42","trace":[{"column":15,"file":"node:internal/modules/cjs/loader","function":"Module._resolveFilename","line":1143,"method":"_resolveFilename","native":false},{"column":27,"file":"node:internal/modules/cjs/loader","function":"Module._load","line":984,"method":"_load","native":false},{"column":19,"file":"node:internal/modules/cjs/loader","function":"Module.require","line":1231,"method":"require","native":false},{"column":18,"file":"node:internal/modules/helpers","function":"require","line":179,"method":null,"native":false},{"column":20,"file":"/home/sam/Documents/BackendTest/src/routes/v1/merchant.routes.js","function":null,"line":10,"method":null,"native":false},{"column":14,"file":"node:internal/modules/cjs/loader","function":"Module._compile","line":1369,"method":"_compile","native":false},{"column":10,"file":"node:internal/modules/cjs/loader","function":"Module._extensions..js","line":1427,"method":".js","native":false},{"column":32,"file":"node:internal/modules/cjs/loader","function":"Module.load","line":1206,"method":"load","native":false},{"column":12,"file":"node:internal/modules/cjs/loader","function":"Module._load","line":1022,"method":"_load","native":false},{"column":19,"file":"node:internal/modules/cjs/loader","function":"Module.require","line":1231,"method":"require","native":false}]}
{"date":"Tue Feb 04 2025 20:26:45 GMT+0000 (Greenwich Mean Time)","error":{},"exception":true,"level":"error","message":"uncaughtException: Spread syntax requires ...iterable[Symbol.iterator] to be a function\nTypeError: Spread syntax requires ...iterable[Symbol.iterator] to be a function\n    at Object.<anonymous> (/home/sam/Documents/BackendTest/src/routes/v1/merchant.routes.js:16:8)\n    at Module._compile (node:internal/modules/cjs/loader:1369:14)\n    at Module._extensions..js (node:internal/modules/cjs/loader:1427:10)\n    at Module.load (node:internal/modules/cjs/loader:1206:32)\n    at Module._load (node:internal/modules/cjs/loader:1022:12)\n    at Module.require (node:internal/modules/cjs/loader:1231:19)\n    at require (node:internal/modules/helpers:179:18)\n    at Object.<anonymous> (/home/sam/Documents/BackendTest/src/routes/v1/v1.routes.js:2:24)\n    at Module._compile (node:internal/modules/cjs/loader:1369:14)\n    at Module._extensions..js (node:internal/modules/cjs/loader:1427:10)","os":{"loadavg":[2.14,2.39,2.63],"uptime":265790.46},"process":{"argv":["/home/sam/.nvm/versions/node/v20.12.1/bin/node","/home/sam/Documents/BackendTest/server.js"],"cwd":"/home/sam/Documents/BackendTest","execPath":"/home/sam/.nvm/versions/node/v20.12.1/bin/node","gid":1000,"memoryUsage":{"arrayBuffers":17200,"external":3194750,"heapTotal":33452032,"heapUsed":19897960,"rss":74129408},"pid":3253281,"uid":1000,"version":"v20.12.1"},"stack":"TypeError: Spread syntax requires ...iterable[Symbol.iterator] to be a function\n    at Object.<anonymous> (/home/sam/Documents/BackendTest/src/routes/v1/merchant.routes.js:16:8)\n    at Module._compile (node:internal/modules/cjs/loader:1369:14)\n    at Module._extensions..js (node:internal/modules/cjs/loader:1427:10)\n    at Module.load (node:internal/modules/cjs/loader:1206:32)\n    at Module._load (node:internal/modules/cjs/loader:1022:12)\n    at Module.require (node:internal/modules/cjs/loader:1231:19)\n    at require (node:internal/modules/helpers:179:18)\n    at Object.<anonymous> (/home/sam/Documents/BackendTest/src/routes/v1/v1.routes.js:2:24)\n    at Module._compile (node:internal/modules/cjs/loader:1369:14)\n    at Module._extensions..js (node:internal/modules/cjs/loader:1427:10)","timestamp":"2025-02-04 20:26:45","trace":[{"column":8,"file":"/home/sam/Documents/BackendTest/src/routes/v1/merchant.routes.js","function":null,"line":16,"method":null,"native":false},{"column":14,"file":"node:internal/modules/cjs/loader","function":"Module._compile","line":1369,"method":"_compile","native":false},{"column":10,"file":"node:internal/modules/cjs/loader","function":"Module._extensions..js","line":1427,"method":".js","native":false},{"column":32,"file":"node:internal/modules/cjs/loader","function":"Module.load","line":1206,"method":"load","native":false},{"column":12,"file":"node:internal/modules/cjs/loader","function":"Module._load","line":1022,"method":"_load","native":false},{"column":19,"file":"node:internal/modules/cjs/loader","function":"Module.require","line":1231,"method":"require","native":false},{"column":18,"file":"node:internal/modules/helpers","function":"require","line":179,"method":null,"native":false},{"column":24,"file":"/home/sam/Documents/BackendTest/src/routes/v1/v1.routes.js","function":null,"line":2,"method":null,"native":false},{"column":14,"file":"node:internal/modules/cjs/loader","function":"Module._compile","line":1369,"method":"_compile","native":false},{"column":10,"file":"node:internal/modules/cjs/loader","function":"Module._extensions..js","line":1427,"method":".js","native":false}]}
{"date":"Tue Feb 04 2025 20:36:45 GMT+0000 (Greenwich Mean Time)","error":{},"exception":true,"level":"error","message":"uncaughtException: Unexpected token '.'\n/home/sam/Documents/BackendTest/src/controllers/withdrawal.controller.js:15\n    next({error.mess})\n               ^\n\nSyntaxError: Unexpected token '.'\n    at internalCompileFunction (node:internal/vm:128:18)\n    at wrapSafe (node:internal/modules/cjs/loader:1280:20)\n    at Module._compile (node:internal/modules/cjs/loader:1332:27)\n    at Module._extensions..js (node:internal/modules/cjs/loader:1427:10)\n    at Module.load (node:internal/modules/cjs/loader:1206:32)\n    at Module._load (node:internal/modules/cjs/loader:1022:12)\n    at Module.require (node:internal/modules/cjs/loader:1231:19)\n    at require (node:internal/modules/helpers:179:18)\n    at Object.<anonymous> (/home/sam/Documents/BackendTest/src/routes/v1/merchant.routes.js:19:20)\n    at Module._compile (node:internal/modules/cjs/loader:1369:14)","os":{"loadavg":[5,3.19,2.83],"uptime":266389.85},"process":{"argv":["/home/sam/.nvm/versions/node/v20.12.1/bin/node","/home/sam/Documents/BackendTest/server.js"],"cwd":"/home/sam/Documents/BackendTest","execPath":"/home/sam/.nvm/versions/node/v20.12.1/bin/node","gid":1000,"memoryUsage":{"arrayBuffers":17200,"external":3194750,"heapTotal":32927744,"heapUsed":20236752,"rss":75149312},"pid":3293044,"uid":1000,"version":"v20.12.1"},"stack":"/home/sam/Documents/BackendTest/src/controllers/withdrawal.controller.js:15\n    next({error.mess})\n               ^\n\nSyntaxError: Unexpected token '.'\n    at internalCompileFunction (node:internal/vm:128:18)\n    at wrapSafe (node:internal/modules/cjs/loader:1280:20)\n    at Module._compile (node:internal/modules/cjs/loader:1332:27)\n    at Module._extensions..js (node:internal/modules/cjs/loader:1427:10)\n    at Module.load (node:internal/modules/cjs/loader:1206:32)\n    at Module._load (node:internal/modules/cjs/loader:1022:12)\n    at Module.require (node:internal/modules/cjs/loader:1231:19)\n    at require (node:internal/modules/helpers:179:18)\n    at Object.<anonymous> (/home/sam/Documents/BackendTest/src/routes/v1/merchant.routes.js:19:20)\n    at Module._compile (node:internal/modules/cjs/loader:1369:14)","timestamp":"2025-02-04 20:36:45","trace":[{"column":18,"file":"node:internal/vm","function":"internalCompileFunction","line":128,"method":null,"native":false},{"column":20,"file":"node:internal/modules/cjs/loader","function":"wrapSafe","line":1280,"method":null,"native":false},{"column":27,"file":"node:internal/modules/cjs/loader","function":"Module._compile","line":1332,"method":"_compile","native":false},{"column":10,"file":"node:internal/modules/cjs/loader","function":"Module._extensions..js","line":1427,"method":".js","native":false},{"column":32,"file":"node:internal/modules/cjs/loader","function":"Module.load","line":1206,"method":"load","native":false},{"column":12,"file":"node:internal/modules/cjs/loader","function":"Module._load","line":1022,"method":"_load","native":false},{"column":19,"file":"node:internal/modules/cjs/loader","function":"Module.require","line":1231,"method":"require","native":false},{"column":18,"file":"node:internal/modules/helpers","function":"require","line":179,"method":null,"native":false},{"column":20,"file":"/home/sam/Documents/BackendTest/src/routes/v1/merchant.routes.js","function":null,"line":19,"method":null,"native":false},{"column":14,"file":"node:internal/modules/cjs/loader","function":"Module._compile","line":1369,"method":"_compile","native":false}]}
{"date":"Tue Feb 04 2025 20:36:46 GMT+0000 (Greenwich Mean Time)","error":{},"exception":true,"level":"error","message":"uncaughtException: Unexpected token '.'\n/home/sam/Documents/BackendTest/src/controllers/withdrawal.controller.js:15\n    next({error.message})\n               ^\n\nSyntaxError: Unexpected token '.'\n    at internalCompileFunction (node:internal/vm:128:18)\n    at wrapSafe (node:internal/modules/cjs/loader:1280:20)\n    at Module._compile (node:internal/modules/cjs/loader:1332:27)\n    at Module._extensions..js (node:internal/modules/cjs/loader:1427:10)\n    at Module.load (node:internal/modules/cjs/loader:1206:32)\n    at Module._load (node:internal/modules/cjs/loader:1022:12)\n    at Module.require (node:internal/modules/cjs/loader:1231:19)\n    at require (node:internal/modules/helpers:179:18)\n    at Object.<anonymous> (/home/sam/Documents/BackendTest/src/routes/v1/merchant.routes.js:19:20)\n    at Module._compile (node:internal/modules/cjs/loader:1369:14)","os":{"loadavg":[5,3.19,2.83],"uptime":266391.49},"process":{"argv":["/home/sam/.nvm/versions/node/v20.12.1/bin/node","/home/sam/Documents/BackendTest/server.js"],"cwd":"/home/sam/Documents/BackendTest","execPath":"/home/sam/.nvm/versions/node/v20.12.1/bin/node","gid":1000,"memoryUsage":{"arrayBuffers":17200,"external":3194750,"heapTotal":33189888,"heapUsed":20014680,"rss":74555392},"pid":3293148,"uid":1000,"version":"v20.12.1"},"stack":"/home/sam/Documents/BackendTest/src/controllers/withdrawal.controller.js:15\n    next({error.message})\n               ^\n\nSyntaxError: Unexpected token '.'\n    at internalCompileFunction (node:internal/vm:128:18)\n    at wrapSafe (node:internal/modules/cjs/loader:1280:20)\n    at Module._compile (node:internal/modules/cjs/loader:1332:27)\n    at Module._extensions..js (node:internal/modules/cjs/loader:1427:10)\n    at Module.load (node:internal/modules/cjs/loader:1206:32)\n    at Module._load (node:internal/modules/cjs/loader:1022:12)\n    at Module.require (node:internal/modules/cjs/loader:1231:19)\n    at require (node:internal/modules/helpers:179:18)\n    at Object.<anonymous> (/home/sam/Documents/BackendTest/src/routes/v1/merchant.routes.js:19:20)\n    at Module._compile (node:internal/modules/cjs/loader:1369:14)","timestamp":"2025-02-04 20:36:46","trace":[{"column":18,"file":"node:internal/vm","function":"internalCompileFunction","line":128,"method":null,"native":false},{"column":20,"file":"node:internal/modules/cjs/loader","function":"wrapSafe","line":1280,"method":null,"native":false},{"column":27,"file":"node:internal/modules/cjs/loader","function":"Module._compile","line":1332,"method":"_compile","native":false},{"column":10,"file":"node:internal/modules/cjs/loader","function":"Module._extensions..js","line":1427,"method":".js","native":false},{"column":32,"file":"node:internal/modules/cjs/loader","function":"Module.load","line":1206,"method":"load","native":false},{"column":12,"file":"node:internal/modules/cjs/loader","function":"Module._load","line":1022,"method":"_load","native":false},{"column":19,"file":"node:internal/modules/cjs/loader","function":"Module.require","line":1231,"method":"require","native":false},{"column":18,"file":"node:internal/modules/helpers","function":"require","line":179,"method":null,"native":false},{"column":20,"file":"/home/sam/Documents/BackendTest/src/routes/v1/merchant.routes.js","function":null,"line":19,"method":null,"native":false},{"column":14,"file":"node:internal/modules/cjs/loader","function":"Module._compile","line":1369,"method":"_compile","native":false}]}
{"date":"Tue Feb 04 2025 20:37:02 GMT+0000 (Greenwich Mean Time)","error":{},"exception":true,"level":"error","message":"uncaughtException: Unexpected token '.'\n/home/sam/Documents/BackendTest/src/controllers/withdrawal.controller.js:15\n    next({error.message})\n               ^\n\nSyntaxError: Unexpected token '.'\n    at internalCompileFunction (node:internal/vm:128:18)\n    at wrapSafe (node:internal/modules/cjs/loader:1280:20)\n    at Module._compile (node:internal/modules/cjs/loader:1332:27)\n    at Module._extensions..js (node:internal/modules/cjs/loader:1427:10)\n    at Module.load (node:internal/modules/cjs/loader:1206:32)\n    at Module._load (node:internal/modules/cjs/loader:1022:12)\n    at Module.require (node:internal/modules/cjs/loader:1231:19)\n    at require (node:internal/modules/helpers:179:18)\n    at Object.<anonymous> (/home/sam/Documents/BackendTest/src/routes/v1/merchant.routes.js:19:20)\n    at Module._compile (node:internal/modules/cjs/loader:1369:14)","os":{"loadavg":[4.39,3.15,2.82],"uptime":266407.46},"process":{"argv":["/home/sam/.nvm/versions/node/v20.12.1/bin/node","/home/sam/Documents/BackendTest/server.js"],"cwd":"/home/sam/Documents/BackendTest","execPath":"/home/sam/.nvm/versions/node/v20.12.1/bin/node","gid":1000,"memoryUsage":{"arrayBuffers":17200,"external":3194750,"heapTotal":33189888,"heapUsed":20007936,"rss":75071488},"pid":3294118,"uid":1000,"version":"v20.12.1"},"stack":"/home/sam/Documents/BackendTest/src/controllers/withdrawal.controller.js:15\n    next({error.message})\n               ^\n\nSyntaxError: Unexpected token '.'\n    at internalCompileFunction (node:internal/vm:128:18)\n    at wrapSafe (node:internal/modules/cjs/loader:1280:20)\n    at Module._compile (node:internal/modules/cjs/loader:1332:27)\n    at Module._extensions..js (node:internal/modules/cjs/loader:1427:10)\n    at Module.load (node:internal/modules/cjs/loader:1206:32)\n    at Module._load (node:internal/modules/cjs/loader:1022:12)\n    at Module.require (node:internal/modules/cjs/loader:1231:19)\n    at require (node:internal/modules/helpers:179:18)\n    at Object.<anonymous> (/home/sam/Documents/BackendTest/src/routes/v1/merchant.routes.js:19:20)\n    at Module._compile (node:internal/modules/cjs/loader:1369:14)","timestamp":"2025-02-04 20:37:02","trace":[{"column":18,"file":"node:internal/vm","function":"internalCompileFunction","line":128,"method":null,"native":false},{"column":20,"file":"node:internal/modules/cjs/loader","function":"wrapSafe","line":1280,"method":null,"native":false},{"column":27,"file":"node:internal/modules/cjs/loader","function":"Module._compile","line":1332,"method":"_compile","native":false},{"column":10,"file":"node:internal/modules/cjs/loader","function":"Module._extensions..js","line":1427,"method":".js","native":false},{"column":32,"file":"node:internal/modules/cjs/loader","function":"Module.load","line":1206,"method":"load","native":false},{"column":12,"file":"node:internal/modules/cjs/loader","function":"Module._load","line":1022,"method":"_load","native":false},{"column":19,"file":"node:internal/modules/cjs/loader","function":"Module.require","line":1231,"method":"require","native":false},{"column":18,"file":"node:internal/modules/helpers","function":"require","line":179,"method":null,"native":false},{"column":20,"file":"/home/sam/Documents/BackendTest/src/routes/v1/merchant.routes.js","function":null,"line":19,"method":null,"native":false},{"column":14,"file":"node:internal/modules/cjs/loader","function":"Module._compile","line":1369,"method":"_compile","native":false}]}
{"date":"Tue Feb 04 2025 20:39:41 GMT+0000 (Greenwich Mean Time)","error":{},"exception":true,"level":"error","message":"uncaughtException: Unexpected token ')'\n/home/sam/Documents/BackendTest/src/controllers/withdrawal.controller.js:27\n    next(error ||)\n                 ^\n\nSyntaxError: Unexpected token ')'\n    at internalCompileFunction (node:internal/vm:128:18)\n    at wrapSafe (node:internal/modules/cjs/loader:1280:20)\n    at Module._compile (node:internal/modules/cjs/loader:1332:27)\n    at Module._extensions..js (node:internal/modules/cjs/loader:1427:10)\n    at Module.load (node:internal/modules/cjs/loader:1206:32)\n    at Module._load (node:internal/modules/cjs/loader:1022:12)\n    at Module.require (node:internal/modules/cjs/loader:1231:19)\n    at require (node:internal/modules/helpers:179:18)\n    at Object.<anonymous> (/home/sam/Documents/BackendTest/src/routes/v1/merchant.routes.js:19:20)\n    at Module._compile (node:internal/modules/cjs/loader:1369:14)","os":{"loadavg":[3.84,3.25,2.9],"uptime":266566.29},"process":{"argv":["/home/sam/.nvm/versions/node/v20.12.1/bin/node","/home/sam/Documents/BackendTest/server.js"],"cwd":"/home/sam/Documents/BackendTest","execPath":"/home/sam/.nvm/versions/node/v20.12.1/bin/node","gid":1000,"memoryUsage":{"arrayBuffers":17200,"external":3194750,"heapTotal":32927744,"heapUsed":19999192,"rss":75202560},"pid":3304471,"uid":1000,"version":"v20.12.1"},"stack":"/home/sam/Documents/BackendTest/src/controllers/withdrawal.controller.js:27\n    next(error ||)\n                 ^\n\nSyntaxError: Unexpected token ')'\n    at internalCompileFunction (node:internal/vm:128:18)\n    at wrapSafe (node:internal/modules/cjs/loader:1280:20)\n    at Module._compile (node:internal/modules/cjs/loader:1332:27)\n    at Module._extensions..js (node:internal/modules/cjs/loader:1427:10)\n    at Module.load (node:internal/modules/cjs/loader:1206:32)\n    at Module._load (node:internal/modules/cjs/loader:1022:12)\n    at Module.require (node:internal/modules/cjs/loader:1231:19)\n    at require (node:internal/modules/helpers:179:18)\n    at Object.<anonymous> (/home/sam/Documents/BackendTest/src/routes/v1/merchant.routes.js:19:20)\n    at Module._compile (node:internal/modules/cjs/loader:1369:14)","timestamp":"2025-02-04 20:39:41","trace":[{"column":18,"file":"node:internal/vm","function":"internalCompileFunction","line":128,"method":null,"native":false},{"column":20,"file":"node:internal/modules/cjs/loader","function":"wrapSafe","line":1280,"method":null,"native":false},{"column":27,"file":"node:internal/modules/cjs/loader","function":"Module._compile","line":1332,"method":"_compile","native":false},{"column":10,"file":"node:internal/modules/cjs/loader","function":"Module._extensions..js","line":1427,"method":".js","native":false},{"column":32,"file":"node:internal/modules/cjs/loader","function":"Module.load","line":1206,"method":"load","native":false},{"column":12,"file":"node:internal/modules/cjs/loader","function":"Module._load","line":1022,"method":"_load","native":false},{"column":19,"file":"node:internal/modules/cjs/loader","function":"Module.require","line":1231,"method":"require","native":false},{"column":18,"file":"node:internal/modules/helpers","function":"require","line":179,"method":null,"native":false},{"column":20,"file":"/home/sam/Documents/BackendTest/src/routes/v1/merchant.routes.js","function":null,"line":19,"method":null,"native":false},{"column":14,"file":"node:internal/modules/cjs/loader","function":"Module._compile","line":1369,"method":"_compile","native":false}]}
{"date":"Tue Feb 04 2025 20:46:05 GMT+0000 (Greenwich Mean Time)","error":{},"exception":true,"level":"error","message":"uncaughtException: Unexpected identifier 'body'\n/home/sam/Documents/BackendTest/src/validation/order.model.js:11\n  body(\"total_amount\")\n  ^^^^\n\nSyntaxError: Unexpected identifier 'body'\n    at internalCompileFunction (node:internal/vm:128:18)\n    at wrapSafe (node:internal/modules/cjs/loader:1280:20)\n    at Module._compile (node:internal/modules/cjs/loader:1332:27)\n    at Module._extensions..js (node:internal/modules/cjs/loader:1427:10)\n    at Module.load (node:internal/modules/cjs/loader:1206:32)\n    at Module._load (node:internal/modules/cjs/loader:1022:12)\n    at Module.require (node:internal/modules/cjs/loader:1231:19)\n    at require (node:internal/modules/helpers:179:18)\n    at Object.<anonymous> (/home/sam/Documents/BackendTest/src/routes/v1/order.routes.js:3:34)\n    at Module._compile (node:internal/modules/cjs/loader:1369:14)","os":{"loadavg":[4.3,4.08,3.46],"uptime":266949.71},"process":{"argv":["/home/sam/.nvm/versions/node/v20.12.1/bin/node","/home/sam/Documents/BackendTest/server.js"],"cwd":"/home/sam/Documents/BackendTest","execPath":"/home/sam/.nvm/versions/node/v20.12.1/bin/node","gid":1000,"memoryUsage":{"arrayBuffers":17200,"external":3194750,"heapTotal":33189888,"heapUsed":20552184,"rss":75198464},"pid":3328982,"uid":1000,"version":"v20.12.1"},"stack":"/home/sam/Documents/BackendTest/src/validation/order.model.js:11\n  body(\"total_amount\")\n  ^^^^\n\nSyntaxError: Unexpected identifier 'body'\n    at internalCompileFunction (node:internal/vm:128:18)\n    at wrapSafe (node:internal/modules/cjs/loader:1280:20)\n    at Module._compile (node:internal/modules/cjs/loader:1332:27)\n    at Module._extensions..js (node:internal/modules/cjs/loader:1427:10)\n    at Module.load (node:internal/modules/cjs/loader:1206:32)\n    at Module._load (node:internal/modules/cjs/loader:1022:12)\n    at Module.require (node:internal/modules/cjs/loader:1231:19)\n    at require (node:internal/modules/helpers:179:18)\n    at Object.<anonymous> (/home/sam/Documents/BackendTest/src/routes/v1/order.routes.js:3:34)\n    at Module._compile (node:internal/modules/cjs/loader:1369:14)","timestamp":"2025-02-04 20:46:05","trace":[{"column":18,"file":"node:internal/vm","function":"internalCompileFunction","line":128,"method":null,"native":false},{"column":20,"file":"node:internal/modules/cjs/loader","function":"wrapSafe","line":1280,"method":null,"native":false},{"column":27,"file":"node:internal/modules/cjs/loader","function":"Module._compile","line":1332,"method":"_compile","native":false},{"column":10,"file":"node:internal/modules/cjs/loader","function":"Module._extensions..js","line":1427,"method":".js","native":false},{"column":32,"file":"node:internal/modules/cjs/loader","function":"Module.load","line":1206,"method":"load","native":false},{"column":12,"file":"node:internal/modules/cjs/loader","function":"Module._load","line":1022,"method":"_load","native":false},{"column":19,"file":"node:internal/modules/cjs/loader","function":"Module.require","line":1231,"method":"require","native":false},{"column":18,"file":"node:internal/modules/helpers","function":"require","line":179,"method":null,"native":false},{"column":34,"file":"/home/sam/Documents/BackendTest/src/routes/v1/order.routes.js","function":null,"line":3,"method":null,"native":false},{"column":14,"file":"node:internal/modules/cjs/loader","function":"Module._compile","line":1369,"method":"_compile","native":false}]}
{"date":"Tue Feb 04 2025 20:46:08 GMT+0000 (Greenwich Mean Time)","error":{},"exception":true,"level":"error","message":"uncaughtException: Unexpected identifier 'body'\n/home/sam/Documents/BackendTest/src/validation/order.model.js:12\n  body(\"total_amount\")\n  ^^^^\n\nSyntaxError: Unexpected identifier 'body'\n    at internalCompileFunction (node:internal/vm:128:18)\n    at wrapSafe (node:internal/modules/cjs/loader:1280:20)\n    at Module._compile (node:internal/modules/cjs/loader:1332:27)\n    at Module._extensions..js (node:internal/modules/cjs/loader:1427:10)\n    at Module.load (node:internal/modules/cjs/loader:1206:32)\n    at Module._load (node:internal/modules/cjs/loader:1022:12)\n    at Module.require (node:internal/modules/cjs/loader:1231:19)\n    at require (node:internal/modules/helpers:179:18)\n    at Object.<anonymous> (/home/sam/Documents/BackendTest/src/routes/v1/order.routes.js:3:34)\n    at Module._compile (node:internal/modules/cjs/loader:1369:14)","os":{"loadavg":[4.68,4.17,3.49],"uptime":266952.96},"process":{"argv":["/home/sam/.nvm/versions/node/v20.12.1/bin/node","/home/sam/Documents/BackendTest/server.js"],"cwd":"/home/sam/Documents/BackendTest","execPath":"/home/sam/.nvm/versions/node/v20.12.1/bin/node","gid":1000,"memoryUsage":{"arrayBuffers":17200,"external":3194750,"heapTotal":32927744,"heapUsed":20223688,"rss":75264000},"pid":3329144,"uid":1000,"version":"v20.12.1"},"stack":"/home/sam/Documents/BackendTest/src/validation/order.model.js:12\n  body(\"total_amount\")\n  ^^^^\n\nSyntaxError: Unexpected identifier 'body'\n    at internalCompileFunction (node:internal/vm:128:18)\n    at wrapSafe (node:internal/modules/cjs/loader:1280:20)\n    at Module._compile (node:internal/modules/cjs/loader:1332:27)\n    at Module._extensions..js (node:internal/modules/cjs/loader:1427:10)\n    at Module.load (node:internal/modules/cjs/loader:1206:32)\n    at Module._load (node:internal/modules/cjs/loader:1022:12)\n    at Module.require (node:internal/modules/cjs/loader:1231:19)\n    at require (node:internal/modules/helpers:179:18)\n    at Object.<anonymous> (/home/sam/Documents/BackendTest/src/routes/v1/order.routes.js:3:34)\n    at Module._compile (node:internal/modules/cjs/loader:1369:14)","timestamp":"2025-02-04 20:46:08","trace":[{"column":18,"file":"node:internal/vm","function":"internalCompileFunction","line":128,"method":null,"native":false},{"column":20,"file":"node:internal/modules/cjs/loader","function":"wrapSafe","line":1280,"method":null,"native":false},{"column":27,"file":"node:internal/modules/cjs/loader","function":"Module._compile","line":1332,"method":"_compile","native":false},{"column":10,"file":"node:internal/modules/cjs/loader","function":"Module._extensions..js","line":1427,"method":".js","native":false},{"column":32,"file":"node:internal/modules/cjs/loader","function":"Module.load","line":1206,"method":"load","native":false},{"column":12,"file":"node:internal/modules/cjs/loader","function":"Module._load","line":1022,"method":"_load","native":false},{"column":19,"file":"node:internal/modules/cjs/loader","function":"Module.require","line":1231,"method":"require","native":false},{"column":18,"file":"node:internal/modules/helpers","function":"require","line":179,"method":null,"native":false},{"column":34,"file":"/home/sam/Documents/BackendTest/src/routes/v1/order.routes.js","function":null,"line":3,"method":null,"native":false},{"column":14,"file":"node:internal/modules/cjs/loader","function":"Module._compile","line":1369,"method":"_compile","native":false}]}
{"date":"Tue Feb 04 2025 20:46:10 GMT+0000 (Greenwich Mean Time)","error":{},"exception":true,"level":"error","message":"uncaughtException: Unexpected identifier 'body'\n/home/sam/Documents/BackendTest/src/validation/order.model.js:13\n  body(\"total_amount\")\n  ^^^^\n\nSyntaxError: Unexpected identifier 'body'\n    at internalCompileFunction (node:internal/vm:128:18)\n    at wrapSafe (node:internal/modules/cjs/loader:1280:20)\n    at Module._compile (node:internal/modules/cjs/loader:1332:27)\n    at Module._extensions..js (node:internal/modules/cjs/loader:1427:10)\n    at Module.load (node:internal/modules/cjs/loader:1206:32)\n    at Module._load (node:internal/modules/cjs/loader:1022:12)\n    at Module.require (node:internal/modules/cjs/loader:1231:19)\n    at require (node:internal/modules/helpers:179:18)\n    at Object.<anonymous> (/home/sam/Documents/BackendTest/src/routes/v1/order.routes.js:3:34)\n    at Module._compile (node:internal/modules/cjs/loader:1369:14)","os":{"loadavg":[4.94,4.23,3.51],"uptime":266955.07},"process":{"argv":["/home/sam/.nvm/versions/node/v20.12.1/bin/node","/home/sam/Documents/BackendTest/server.js"],"cwd":"/home/sam/Documents/BackendTest","execPath":"/home/sam/.nvm/versions/node/v20.12.1/bin/node","gid":1000,"memoryUsage":{"arrayBuffers":17200,"external":3194750,"heapTotal":32927744,"heapUsed":20328664,"rss":74711040},"pid":3329387,"uid":1000,"version":"v20.12.1"},"stack":"/home/sam/Documents/BackendTest/src/validation/order.model.js:13\n  body(\"total_amount\")\n  ^^^^\n\nSyntaxError: Unexpected identifier 'body'\n    at internalCompileFunction (node:internal/vm:128:18)\n    at wrapSafe (node:internal/modules/cjs/loader:1280:20)\n    at Module._compile (node:internal/modules/cjs/loader:1332:27)\n    at Module._extensions..js (node:internal/modules/cjs/loader:1427:10)\n    at Module.load (node:internal/modules/cjs/loader:1206:32)\n    at Module._load (node:internal/modules/cjs/loader:1022:12)\n    at Module.require (node:internal/modules/cjs/loader:1231:19)\n    at require (node:internal/modules/helpers:179:18)\n    at Object.<anonymous> (/home/sam/Documents/BackendTest/src/routes/v1/order.routes.js:3:34)\n    at Module._compile (node:internal/modules/cjs/loader:1369:14)","timestamp":"2025-02-04 20:46:10","trace":[{"column":18,"file":"node:internal/vm","function":"internalCompileFunction","line":128,"method":null,"native":false},{"column":20,"file":"node:internal/modules/cjs/loader","function":"wrapSafe","line":1280,"method":null,"native":false},{"column":27,"file":"node:internal/modules/cjs/loader","function":"Module._compile","line":1332,"method":"_compile","native":false},{"column":10,"file":"node:internal/modules/cjs/loader","function":"Module._extensions..js","line":1427,"method":".js","native":false},{"column":32,"file":"node:internal/modules/cjs/loader","function":"Module.load","line":1206,"method":"load","native":false},{"column":12,"file":"node:internal/modules/cjs/loader","function":"Module._load","line":1022,"method":"_load","native":false},{"column":19,"file":"node:internal/modules/cjs/loader","function":"Module.require","line":1231,"method":"require","native":false},{"column":18,"file":"node:internal/modules/helpers","function":"require","line":179,"method":null,"native":false},{"column":34,"file":"/home/sam/Documents/BackendTest/src/routes/v1/order.routes.js","function":null,"line":3,"method":null,"native":false},{"column":14,"file":"node:internal/modules/cjs/loader","function":"Module._compile","line":1369,"method":"_compile","native":false}]}
{"date":"Tue Feb 04 2025 20:46:11 GMT+0000 (Greenwich Mean Time)","error":{},"exception":true,"level":"error","message":"uncaughtException: Unexpected identifier 'body'\n/home/sam/Documents/BackendTest/src/validation/order.model.js:14\n  body(\"total_amount\")\n  ^^^^\n\nSyntaxError: Unexpected identifier 'body'\n    at internalCompileFunction (node:internal/vm:128:18)\n    at wrapSafe (node:internal/modules/cjs/loader:1280:20)\n    at Module._compile (node:internal/modules/cjs/loader:1332:27)\n    at Module._extensions..js (node:internal/modules/cjs/loader:1427:10)\n    at Module.load (node:internal/modules/cjs/loader:1206:32)\n    at Module._load (node:internal/modules/cjs/loader:1022:12)\n    at Module.require (node:internal/modules/cjs/loader:1231:19)\n    at require (node:internal/modules/helpers:179:18)\n    at Object.<anonymous> (/home/sam/Documents/BackendTest/src/routes/v1/order.routes.js:3:34)\n    at Module._compile (node:internal/modules/cjs/loader:1369:14)","os":{"loadavg":[4.94,4.23,3.51],"uptime":266956.28},"process":{"argv":["/home/sam/.nvm/versions/node/v20.12.1/bin/node","/home/sam/Documents/BackendTest/server.js"],"cwd":"/home/sam/Documents/BackendTest","execPath":"/home/sam/.nvm/versions/node/v20.12.1/bin/node","gid":1000,"memoryUsage":{"arrayBuffers":17200,"external":3194750,"heapTotal":32927744,"heapUsed":20324712,"rss":75386880},"pid":3329481,"uid":1000,"version":"v20.12.1"},"stack":"/home/sam/Documents/BackendTest/src/validation/order.model.js:14\n  body(\"total_amount\")\n  ^^^^\n\nSyntaxError: Unexpected identifier 'body'\n    at internalCompileFunction (node:internal/vm:128:18)\n    at wrapSafe (node:internal/modules/cjs/loader:1280:20)\n    at Module._compile (node:internal/modules/cjs/loader:1332:27)\n    at Module._extensions..js (node:internal/modules/cjs/loader:1427:10)\n    at Module.load (node:internal/modules/cjs/loader:1206:32)\n    at Module._load (node:internal/modules/cjs/loader:1022:12)\n    at Module.require (node:internal/modules/cjs/loader:1231:19)\n    at require (node:internal/modules/helpers:179:18)\n    at Object.<anonymous> (/home/sam/Documents/BackendTest/src/routes/v1/order.routes.js:3:34)\n    at Module._compile (node:internal/modules/cjs/loader:1369:14)","timestamp":"2025-02-04 20:46:11","trace":[{"column":18,"file":"node:internal/vm","function":"internalCompileFunction","line":128,"method":null,"native":false},{"column":20,"file":"node:internal/modules/cjs/loader","function":"wrapSafe","line":1280,"method":null,"native":false},{"column":27,"file":"node:internal/modules/cjs/loader","function":"Module._compile","line":1332,"method":"_compile","native":false},{"column":10,"file":"node:internal/modules/cjs/loader","function":"Module._extensions..js","line":1427,"method":".js","native":false},{"column":32,"file":"node:internal/modules/cjs/loader","function":"Module.load","line":1206,"method":"load","native":false},{"column":12,"file":"node:internal/modules/cjs/loader","function":"Module._load","line":1022,"method":"_load","native":false},{"column":19,"file":"node:internal/modules/cjs/loader","function":"Module.require","line":1231,"method":"require","native":false},{"column":18,"file":"node:internal/modules/helpers","function":"require","line":179,"method":null,"native":false},{"column":34,"file":"/home/sam/Documents/BackendTest/src/routes/v1/order.routes.js","function":null,"line":3,"method":null,"native":false},{"column":14,"file":"node:internal/modules/cjs/loader","function":"Module._compile","line":1369,"method":"_compile","native":false}]}
{"date":"Tue Feb 04 2025 20:46:15 GMT+0000 (Greenwich Mean Time)","error":{},"exception":true,"level":"error","message":"uncaughtException: Unexpected identifier 'body'\n/home/sam/Documents/BackendTest/src/validation/order.model.js:15\n  body(\"total_amount\")\n  ^^^^\n\nSyntaxError: Unexpected identifier 'body'\n    at internalCompileFunction (node:internal/vm:128:18)\n    at wrapSafe (node:internal/modules/cjs/loader:1280:20)\n    at Module._compile (node:internal/modules/cjs/loader:1332:27)\n    at Module._extensions..js (node:internal/modules/cjs/loader:1427:10)\n    at Module.load (node:internal/modules/cjs/loader:1206:32)\n    at Module._load (node:internal/modules/cjs/loader:1022:12)\n    at Module.require (node:internal/modules/cjs/loader:1231:19)\n    at require (node:internal/modules/helpers:179:18)\n    at Object.<anonymous> (/home/sam/Documents/BackendTest/src/routes/v1/order.routes.js:3:34)\n    at Module._compile (node:internal/modules/cjs/loader:1369:14)","os":{"loadavg":[5.11,4.28,3.53],"uptime":266960.37},"process":{"argv":["/home/sam/.nvm/versions/node/v20.12.1/bin/node","/home/sam/Documents/BackendTest/server.js"],"cwd":"/home/sam/Documents/BackendTest","execPath":"/home/sam/.nvm/versions/node/v20.12.1/bin/node","gid":1000,"memoryUsage":{"arrayBuffers":17200,"external":3194750,"heapTotal":33189888,"heapUsed":20117080,"rss":75599872},"pid":3329739,"uid":1000,"version":"v20.12.1"},"stack":"/home/sam/Documents/BackendTest/src/validation/order.model.js:15\n  body(\"total_amount\")\n  ^^^^\n\nSyntaxError: Unexpected identifier 'body'\n    at internalCompileFunction (node:internal/vm:128:18)\n    at wrapSafe (node:internal/modules/cjs/loader:1280:20)\n    at Module._compile (node:internal/modules/cjs/loader:1332:27)\n    at Module._extensions..js (node:internal/modules/cjs/loader:1427:10)\n    at Module.load (node:internal/modules/cjs/loader:1206:32)\n    at Module._load (node:internal/modules/cjs/loader:1022:12)\n    at Module.require (node:internal/modules/cjs/loader:1231:19)\n    at require (node:internal/modules/helpers:179:18)\n    at Object.<anonymous> (/home/sam/Documents/BackendTest/src/routes/v1/order.routes.js:3:34)\n    at Module._compile (node:internal/modules/cjs/loader:1369:14)","timestamp":"2025-02-04 20:46:15","trace":[{"column":18,"file":"node:internal/vm","function":"internalCompileFunction","line":128,"method":null,"native":false},{"column":20,"file":"node:internal/modules/cjs/loader","function":"wrapSafe","line":1280,"method":null,"native":false},{"column":27,"file":"node:internal/modules/cjs/loader","function":"Module._compile","line":1332,"method":"_compile","native":false},{"column":10,"file":"node:internal/modules/cjs/loader","function":"Module._extensions..js","line":1427,"method":".js","native":false},{"column":32,"file":"node:internal/modules/cjs/loader","function":"Module.load","line":1206,"method":"load","native":false},{"column":12,"file":"node:internal/modules/cjs/loader","function":"Module._load","line":1022,"method":"_load","native":false},{"column":19,"file":"node:internal/modules/cjs/loader","function":"Module.require","line":1231,"method":"require","native":false},{"column":18,"file":"node:internal/modules/helpers","function":"require","line":179,"method":null,"native":false},{"column":34,"file":"/home/sam/Documents/BackendTest/src/routes/v1/order.routes.js","function":null,"line":3,"method":null,"native":false},{"column":14,"file":"node:internal/modules/cjs/loader","function":"Module._compile","line":1369,"method":"_compile","native":false}]}
{"date":"Tue Feb 04 2025 20:46:25 GMT+0000 (Greenwich Mean Time)","error":{},"exception":true,"level":"error","message":"uncaughtException: Route.post() requires a callback function but got a [object Undefined]\nError: Route.post() requires a callback function but got a [object Undefined]\n    at Route.<computed> [as post] (/home/sam/Documents/BackendTest/node_modules/.pnpm/express@4.21.2/node_modules/express/lib/router/route.js:216:15)\n    at proto.<computed> [as post] (/home/sam/Documents/BackendTest/node_modules/.pnpm/express@4.21.2/node_modules/express/lib/router/index.js:521:19)\n    at Object.<anonymous> (/home/sam/Documents/BackendTest/src/routes/v1/order.routes.js:10:8)\n    at Module._compile (node:internal/modules/cjs/loader:1369:14)\n    at Module._extensions..js (node:internal/modules/cjs/loader:1427:10)\n    at Module.load (node:internal/modules/cjs/loader:1206:32)\n    at Module._load (node:internal/modules/cjs/loader:1022:12)\n    at Module.require (node:internal/modules/cjs/loader:1231:19)\n    at require (node:internal/modules/helpers:179:18)\n    at Object.<anonymous> (/home/sam/Documents/BackendTest/src/routes/v1/v1.routes.js:3:21)","os":{"loadavg":[5.73,4.43,3.59],"uptime":266970.28},"process":{"argv":["/home/sam/.nvm/versions/node/v20.12.1/bin/node","/home/sam/Documents/BackendTest/server.js"],"cwd":"/home/sam/Documents/BackendTest","execPath":"/home/sam/.nvm/versions/node/v20.12.1/bin/node","gid":1000,"memoryUsage":{"arrayBuffers":17200,"external":3194750,"heapTotal":33189888,"heapUsed":20301752,"rss":74858496},"pid":3330470,"uid":1000,"version":"v20.12.1"},"stack":"Error: Route.post() requires a callback function but got a [object Undefined]\n    at Route.<computed> [as post] (/home/sam/Documents/BackendTest/node_modules/.pnpm/express@4.21.2/node_modules/express/lib/router/route.js:216:15)\n    at proto.<computed> [as post] (/home/sam/Documents/BackendTest/node_modules/.pnpm/express@4.21.2/node_modules/express/lib/router/index.js:521:19)\n    at Object.<anonymous> (/home/sam/Documents/BackendTest/src/routes/v1/order.routes.js:10:8)\n    at Module._compile (node:internal/modules/cjs/loader:1369:14)\n    at Module._extensions..js (node:internal/modules/cjs/loader:1427:10)\n    at Module.load (node:internal/modules/cjs/loader:1206:32)\n    at Module._load (node:internal/modules/cjs/loader:1022:12)\n    at Module.require (node:internal/modules/cjs/loader:1231:19)\n    at require (node:internal/modules/helpers:179:18)\n    at Object.<anonymous> (/home/sam/Documents/BackendTest/src/routes/v1/v1.routes.js:3:21)","timestamp":"2025-02-04 20:46:25","trace":[{"column":15,"file":"/home/sam/Documents/BackendTest/node_modules/.pnpm/express@4.21.2/node_modules/express/lib/router/route.js","function":"Route.<computed> [as post]","line":216,"method":"<computed> [as post]","native":false},{"column":19,"file":"/home/sam/Documents/BackendTest/node_modules/.pnpm/express@4.21.2/node_modules/express/lib/router/index.js","function":"proto.<computed> [as post]","line":521,"method":"<computed> [as post]","native":false},{"column":8,"file":"/home/sam/Documents/BackendTest/src/routes/v1/order.routes.js","function":null,"line":10,"method":null,"native":false},{"column":14,"file":"node:internal/modules/cjs/loader","function":"Module._compile","line":1369,"method":"_compile","native":false},{"column":10,"file":"node:internal/modules/cjs/loader","function":"Module._extensions..js","line":1427,"method":".js","native":false},{"column":32,"file":"node:internal/modules/cjs/loader","function":"Module.load","line":1206,"method":"load","native":false},{"column":12,"file":"node:internal/modules/cjs/loader","function":"Module._load","line":1022,"method":"_load","native":false},{"column":19,"file":"node:internal/modules/cjs/loader","function":"Module.require","line":1231,"method":"require","native":false},{"column":18,"file":"node:internal/modules/helpers","function":"require","line":179,"method":null,"native":false},{"column":21,"file":"/home/sam/Documents/BackendTest/src/routes/v1/v1.routes.js","function":null,"line":3,"method":null,"native":false}]}
